This is pdfTeX, Version 3.14159265-2.6-1.40.21 (TeX Live 2020) (preloaded format=pdflatex 2020.8.2)  4 APR 2021 12:24
entering extended mode
 restricted \write18 enabled.
 %&-line parsing enabled.
**thesis.tex
(./thesis.tex
LaTeX2e <2020-02-02> patch level 5
L3 programming layer <2020-07-17> (./thesis.cls
Document Class: thesis 2019/07/15
(/usr/local/texlive/2020/texmf-dist/tex/latex/base/report.cls
Document Class: report 2019/12/20 v1.4l Standard LaTeX document class
(/usr/local/texlive/2020/texmf-dist/tex/latex/base/size12.clo
File: size12.clo 2019/12/20 v1.4l Standard LaTeX file (size option)
)
\c@part=\count168
\c@chapter=\count169
\c@section=\count170
\c@subsection=\count171
\c@subsubsection=\count172
\c@paragraph=\count173
\c@subparagraph=\count174
\c@figure=\count175
\c@table=\count176
\abovecaptionskip=\skip47
\belowcaptionskip=\skip48
\bibindent=\dimen134
)
(/usr/local/texlive/2020/texmf-dist/tex/latex/setspace/setspace.sty
Package: setspace 2011/12/19 v6.7a set line spacing
)
\singlebaselineskip=\skip49
\onehalfbaselineskip=\skip50
\doublebaselineskip=\skip51

(/usr/local/texlive/2020/texmf-dist/tex/latex/float/float.sty
Package: float 2001/11/08 v1.3d Float enhancements (AL)
\c@float@type=\count177
\float@exts=\toks15
\float@box=\box45
\@float@everytoks=\toks16
\@floatcapt=\box46
)
(/usr/local/texlive/2020/texmf-dist/tex/latex/base/flafter.sty
Package: flafter 2018/11/28 v1.4d Standard LaTeX floats after reference (FMi)
Applying: [2015/01/01] float order in 2-column on input line 49.
Already applied: [0000/00/00] float order in 2-column on input line 151.
)
\intexttopsep=\skip52

(/usr/local/texlive/2020/texmf-dist/tex/latex/caption/caption.sty
Package: caption 2020/05/30 v3.4k Customizing captions (AR)

(/usr/local/texlive/2020/texmf-dist/tex/latex/caption/caption3.sty
Package: caption3 2020/07/20 v1.12b caption3 kernel (AR)
Package caption3 Info: TeX engine: e-TeX on input line 61.

(/usr/local/texlive/2020/texmf-dist/tex/latex/graphics/keyval.sty
Package: keyval 2014/10/28 v1.15 key=value parser (DPC)
\KV@toks@=\toks17
)
\captionmargin=\dimen135
\captionmargin@=\dimen136
\captionwidth=\dimen137
\caption@tempdima=\dimen138
\caption@indent=\dimen139
\caption@parindent=\dimen140
\caption@hangindent=\dimen141
Package caption Info: Standard document class detected.
)
\c@caption@flags=\count178
\c@continuedfloat=\count179
Package caption Info: float package is loaded.
)
(/usr/local/texlive/2020/texmf-dist/tex/latex/footmisc/footmisc.sty
Package: footmisc 2011/06/06 v5.5b a miscellany of footnote facilities
\FN@temptoken=\toks18
\footnotemargin=\dimen142
\c@pp@next@reset=\count180
Package footmisc Info: Declaring symbol style bringhurst on input line 855.
Package footmisc Info: Declaring symbol style chicago on input line 863.
Package footmisc Info: Declaring symbol style wiley on input line 872.
Package footmisc Info: Declaring symbol style lamport-robust on input line 883.

Package footmisc Info: Declaring symbol style lamport* on input line 903.
Package footmisc Info: Declaring symbol style lamport*-robust on input line 924
.
)
(./appendix.sty
Package: appendix 2020/02/08 v1.2c extra appendix facilities
\c@@pps=\count181
\c@@ppsavesec=\count182
\c@@ppsaveapp=\count183
)
(/usr/local/texlive/2020/texmf-dist/tex/latex/graphics/graphicx.sty
Package: graphicx 2019/11/30 v1.2a Enhanced LaTeX Graphics (DPC,SPQR)

(/usr/local/texlive/2020/texmf-dist/tex/latex/graphics/graphics.sty
Package: graphics 2019/11/30 v1.4a Standard LaTeX Graphics (DPC,SPQR)

(/usr/local/texlive/2020/texmf-dist/tex/latex/graphics/trig.sty
Package: trig 2016/01/03 v1.10 sin cos tan (DPC)
)
(/usr/local/texlive/2020/texmf-dist/tex/latex/graphics-cfg/graphics.cfg
File: graphics.cfg 2016/06/04 v1.11 sample graphics configuration
)
Package graphics Info: Driver file: pdftex.def on input line 105.

(/usr/local/texlive/2020/texmf-dist/tex/latex/graphics-def/pdftex.def
File: pdftex.def 2018/01/08 v1.0l Graphics/color driver for pdftex
))
\Gin@req@height=\dimen143
\Gin@req@width=\dimen144
)
(/usr/local/texlive/2020/texmf-dist/tex/latex/amsmath/amsmath.sty
Package: amsmath 2020/01/20 v2.17e AMS math features
\@mathmargin=\skip53

For additional information on amsmath, use the `?' option.
(/usr/local/texlive/2020/texmf-dist/tex/latex/amsmath/amstext.sty
Package: amstext 2000/06/29 v2.01 AMS text

(/usr/local/texlive/2020/texmf-dist/tex/latex/amsmath/amsgen.sty
File: amsgen.sty 1999/11/30 v2.0 generic functions
\@emptytoks=\toks19
\ex@=\dimen145
))
(/usr/local/texlive/2020/texmf-dist/tex/latex/amsmath/amsbsy.sty
Package: amsbsy 1999/11/29 v1.2d Bold Symbols
\pmbraise@=\dimen146
)
(/usr/local/texlive/2020/texmf-dist/tex/latex/amsmath/amsopn.sty
Package: amsopn 2016/03/08 v2.02 operator names
)
\inf@bad=\count184
LaTeX Info: Redefining \frac on input line 227.
\uproot@=\count185
\leftroot@=\count186
LaTeX Info: Redefining \overline on input line 389.
\classnum@=\count187
\DOTSCASE@=\count188
LaTeX Info: Redefining \ldots on input line 486.
LaTeX Info: Redefining \dots on input line 489.
LaTeX Info: Redefining \cdots on input line 610.
\Mathstrutbox@=\box47
\strutbox@=\box48
\big@size=\dimen147
LaTeX Font Info:    Redeclaring font encoding OML on input line 733.
LaTeX Font Info:    Redeclaring font encoding OMS on input line 734.
\macc@depth=\count189
\c@MaxMatrixCols=\count190
\dotsspace@=\muskip16
\c@parentequation=\count191
\dspbrk@lvl=\count192
\tag@help=\toks20
\row@=\count193
\column@=\count194
\maxfields@=\count195
\andhelp@=\toks21
\eqnshift@=\dimen148
\alignsep@=\dimen149
\tagshift@=\dimen150
\tagwidth@=\dimen151
\totwidth@=\dimen152
\lineht@=\dimen153
\@envbody=\toks22
\multlinegap=\skip54
\multlinetaggap=\skip55
\mathdisplay@stack=\toks23
LaTeX Info: Redefining \[ on input line 2859.
LaTeX Info: Redefining \] on input line 2860.
)
(/usr/local/texlive/2020/texmf-dist/tex/latex/chicago/chicago.sty
Using Chicago Manual of Style bibliography: 31 August 1992
\bibhang=\skip56
\bibindent=\dimen154
) (/usr/local/texlive/2020/texmf-dist/tex/latex/multirow/multirow.sty
Package: multirow 2019/05/31 v2.5 Span multiple rows of a table
\multirow@colwidth=\skip57
\multirow@cntb=\count196
\multirow@dima=\skip58
\bigstrutjot=\dimen155
)
(/usr/local/texlive/2020/texmf-dist/tex/latex/tools/hhline.sty
Package: hhline 2020/01/04 v2.04 Table rule package (DPC)
)
(/usr/local/texlive/2020/texmf-dist/tex/latex/url/url.sty
\Urlmuskip=\muskip17
Package: url 2013/09/16  ver 3.4  Verb mode for urls, etc.
)
(/usr/local/texlive/2020/texmf-dist/tex/latex/frankenstein/newclude.sty
Package: newclude 1999/11/02 v2 A new system for including files (Frankenstein'
s backbone)

(/usr/local/texlive/2020/texmf-dist/tex/latex/frankenstein/moredefs.sty
Package: moredefs 2001/08/31 v1.8 more defining commands (Frankenstein's brain)

\sc@toks@a=\toks24
\sc@toks@b=\toks25
)
\nc@toks@a=\toks26
\c@IncludeDepth=\count197
)
(/usr/local/texlive/2020/texmf-dist/tex/latex/frankenstein/tag.sto)
(/usr/local/texlive/2020/texmf-dist/tex/latex/tocloft/tocloft.sty
Package: tocloft 2017/08/31 v2.3i parameterised ToC, etc., typesetting
Package tocloft Info: The document has chapter divisions on input line 51.
\cftparskip=\skip59
\cftbeforetoctitleskip=\skip60
\cftaftertoctitleskip=\skip61
\cftbeforepartskip=\skip62
\cftpartnumwidth=\skip63
\cftpartindent=\skip64
\cftbeforechapskip=\skip65
\cftchapindent=\skip66
\cftchapnumwidth=\skip67
\cftbeforesecskip=\skip68
\cftsecindent=\skip69
\cftsecnumwidth=\skip70
\cftbeforesubsecskip=\skip71
\cftsubsecindent=\skip72
\cftsubsecnumwidth=\skip73
\cftbeforesubsubsecskip=\skip74
\cftsubsubsecindent=\skip75
\cftsubsubsecnumwidth=\skip76
\cftbeforeparaskip=\skip77
\cftparaindent=\skip78
\cftparanumwidth=\skip79
\cftbeforesubparaskip=\skip80
\cftsubparaindent=\skip81
\cftsubparanumwidth=\skip82
\cftbeforeloftitleskip=\skip83
\cftafterloftitleskip=\skip84
\cftbeforefigskip=\skip85
\cftfigindent=\skip86
\cftfignumwidth=\skip87
\c@lofdepth=\count198
\c@lotdepth=\count199
\cftbeforelottitleskip=\skip88
\cftafterlottitleskip=\skip89
\cftbeforetabskip=\skip90
\cfttabindent=\skip91
\cfttabnumwidth=\skip92
)
(/usr/local/texlive/2020/texmf-dist/tex/latex/everypage/everypage.sty
Package: everypage 2007/06/20 1.1 Hooks to run on every page
)
(/usr/local/texlive/2020/texmf-dist/tex/latex/tools/calc.sty
Package: calc 2017/05/25 v4.3 Infix arithmetic (KKT,FJ)
\calc@Acount=\count266
\calc@Bcount=\count267
\calc@Adimen=\dimen156
\calc@Bdimen=\dimen157
\calc@Askip=\skip93
\calc@Bskip=\skip94
LaTeX Info: Redefining \setlength on input line 80.
LaTeX Info: Redefining \addtolength on input line 81.
\calc@Ccount=\count268
\calc@Cskip=\skip95
)
(/usr/local/texlive/2020/texmf-dist/tex/latex/acronym/acronym.sty
Package: acronym 2020/04/17 v1.47 Support for acronyms (Tobias Oetiker)

(/usr/local/texlive/2020/texmf-dist/tex/latex/bigfoot/suffix.sty
Package: suffix 2006/07/15 1.5a Variant command support
)
(/usr/local/texlive/2020/texmf-dist/tex/generic/xstring/xstring.sty
(/usr/local/texlive/2020/texmf-dist/tex/generic/xstring/xstring.tex
\integerpart=\count269
\decimalpart=\count270
)
Package: xstring 2019/02/06 v1.83 String manipulations (CT)
)
\AC@clearlist=\toks27
)
(/usr/local/texlive/2020/texmf-dist/tex/latex/ncctools/manyfoot.sty
Package: manyfoot 2019/08/03 v1.11 Many Footnote Levels Package (NCC)

(/usr/local/texlive/2020/texmf-dist/tex/latex/ncctools/nccfoots.sty
Package: nccfoots 2005/02/03 v1.2 NCC Footnotes Package (NCC)
)
\MFL@columnwidth=\dimen158
)
\footinsA=\insert252
\c@footnoteA=\count271
)
(/usr/local/texlive/2020/texmf-dist/tex/latex/tools/indentfirst.sty
Package: indentfirst 1995/11/23 v1.03 Indent first paragraph (DPC)
)
(/usr/local/texlive/2020/texmf-dist/tex/latex/epstopdf-pkg/epstopdf.sty
Package: epstopdf 2020-01-24 v2.11 Conversion with epstopdf on the fly (HO)

(/usr/local/texlive/2020/texmf-dist/tex/generic/infwarerr/infwarerr.sty
Package: infwarerr 2019/12/03 v1.5 Providing info/warning/error messages (HO)
)
(/usr/local/texlive/2020/texmf-dist/tex/latex/grfext/grfext.sty
Package: grfext 2019/12/03 v1.3 Manage graphics extensions (HO)

(/usr/local/texlive/2020/texmf-dist/tex/generic/kvdefinekeys/kvdefinekeys.sty
Package: kvdefinekeys 2019-12-19 v1.6 Define keys (HO)
)) (/usr/local/texlive/2020/texmf-dist/tex/latex/kvoptions/kvoptions.sty
Package: kvoptions 2019/11/29 v3.13 Key value format for package options (HO)

(/usr/local/texlive/2020/texmf-dist/tex/generic/ltxcmds/ltxcmds.sty
Package: ltxcmds 2019/12/15 v1.24 LaTeX kernel commands for general use (HO)
)
(/usr/local/texlive/2020/texmf-dist/tex/generic/kvsetkeys/kvsetkeys.sty
Package: kvsetkeys 2019/12/15 v1.18 Key value parser (HO)
))
(/usr/local/texlive/2020/texmf-dist/tex/generic/pdftexcmds/pdftexcmds.sty
Package: pdftexcmds 2020-06-27 v0.33 Utility functions of pdfTeX for LuaTeX (HO
)

(/usr/local/texlive/2020/texmf-dist/tex/generic/iftex/iftex.sty
Package: iftex 2020/03/06 v1.0d TeX engine tests
)
Package pdftexcmds Info: \pdf@primitive is available.
Package pdftexcmds Info: \pdf@ifprimitive is available.
Package pdftexcmds Info: \pdfdraftmode found.
)
(/usr/local/texlive/2020/texmf-dist/tex/latex/epstopdf-pkg/epstopdf-base.sty
Package: epstopdf-base 2020-01-24 v2.11 Base part for package epstopdf
Package epstopdf-base Info: Redefining graphics rule for `.eps' on input line 4
85.
Package grfext Info: Graphics extension search list:
(grfext)             [.pdf,.png,.jpg,.mps,.jpeg,.jbig2,.jb2,.PDF,.PNG,.JPG,.JPE
G,.JBIG2,.JB2,.eps]
(grfext)             \AppendGraphicsExtensions on input line 504.

(/usr/local/texlive/2020/texmf-dist/tex/latex/latexconfig/epstopdf-sys.cfg
File: epstopdf-sys.cfg 2010/07/13 v1.3 Configuration of (r)epstopdf for TeX Liv
e
)))
(/usr/local/texlive/2020/texmf-dist/tex/latex/lipsum/lipsum.sty
(/usr/local/texlive/2020/texmf-dist/tex/latex/l3kernel/expl3.sty
Package: expl3 2020-07-17 L3 programming layer (loader) 

(/usr/local/texlive/2020/texmf-dist/tex/latex/l3backend/l3backend-pdfmode.def
File: l3backend-pdfmode.def 2020-06-29 L3 backend support: PDF mode
\l__kernel_color_stack_int=\count272
\l__pdf_internal_box=\box49
)) (/usr/local/texlive/2020/texmf-dist/tex/latex/l3packages/xparse/xparse.sty
Package: xparse 2020-05-15 L3 Experimental document command parser

(/usr/local/texlive/2020/texmf-dist/tex/latex/l3packages/xparse/xparse-generic.
tex
\l__xparse_current_arg_int=\count273
\g__xparse_grabber_int=\count274
\l__xparse_m_args_int=\count275
\l__xparse_v_nesting_int=\count276
))
Package: lipsum 2019/01/02 v2.2 150 paragraphs of Lorem Ipsum dummy text
 (/usr/local/texlive/2020/texmf-dist/tex/latex/lipsum/lipsum.ltd.tex
File: lipsum.ltd.tex 2019/01/02 v2.2 The Lorem ipsum dummy text
))
(/usr/local/texlive/2020/texmf-dist/tex/latex/hyperref/hyperref.sty
Package: hyperref 2020-05-15 v7.00e Hypertext links for LaTeX

(/usr/local/texlive/2020/texmf-dist/tex/generic/pdfescape/pdfescape.sty
Package: pdfescape 2019/12/09 v1.15 Implements pdfTeX's escape features (HO)
)
(/usr/local/texlive/2020/texmf-dist/tex/latex/hycolor/hycolor.sty
Package: hycolor 2020-01-27 v1.10 Color options for hyperref/bookmark (HO)
)
(/usr/local/texlive/2020/texmf-dist/tex/latex/letltxmacro/letltxmacro.sty
Package: letltxmacro 2019/12/03 v1.6 Let assignment for LaTeX macros (HO)
)
(/usr/local/texlive/2020/texmf-dist/tex/latex/auxhook/auxhook.sty
Package: auxhook 2019-12-17 v1.6 Hooks for auxiliary files (HO)


Package auxhook Warning: Cannot patch \document,
(auxhook)                using \AtBeginDocument instead.

)
\@linkdim=\dimen159
\Hy@linkcounter=\count277
\Hy@pagecounter=\count278
 (/usr/local/texlive/2020/texmf-dist/tex/latex/hyperref/pd1enc.def
File: pd1enc.def 2020-05-15 v7.00e Hyperref: PDFDocEncoding definition (HO)
Now handling font encoding PD1 ...
... no UTF-8 mapping file for font encoding PD1
)
(/usr/local/texlive/2020/texmf-dist/tex/generic/intcalc/intcalc.sty
Package: intcalc 2019/12/15 v1.3 Expandable calculations with integers (HO)
)
(/usr/local/texlive/2020/texmf-dist/tex/generic/etexcmds/etexcmds.sty
Package: etexcmds 2019/12/15 v1.7 Avoid name clashes with e-TeX commands (HO)
)
\Hy@SavedSpaceFactor=\count279
Package hyperref Info: Option `hyperfootnotes' set `false' on input line 4338.


Package hyperref Warning: Unexpected value for option `hidelinks'
(hyperref)                is ignored on input line 4338.

Package hyperref Info: Hyper figures OFF on input line 4464.
Package hyperref Info: Link nesting OFF on input line 4469.
Package hyperref Info: Hyper index ON on input line 4472.
Package hyperref Info: Plain pages OFF on input line 4479.
Package hyperref Info: Backreferencing OFF on input line 4484.
Package hyperref Info: Implicit mode ON; LaTeX internals redefined.
Package hyperref Info: Bookmarks ON on input line 4717.
\c@Hy@tempcnt=\count280
LaTeX Info: Redefining \url on input line 5076.
\XeTeXLinkMargin=\dimen160
(/usr/local/texlive/2020/texmf-dist/tex/generic/bitset/bitset.sty
Package: bitset 2019/12/09 v1.3 Handle bit-vector datatype (HO)

(/usr/local/texlive/2020/texmf-dist/tex/generic/bigintcalc/bigintcalc.sty
Package: bigintcalc 2019/12/15 v1.5 Expandable calculations on big integers (HO
)
))
\Fld@menulength=\count281
\Field@Width=\dimen161
\Fld@charsize=\dimen162
Package hyperref Info: Hyper figures OFF on input line 6347.
Package hyperref Info: Link nesting OFF on input line 6352.
Package hyperref Info: Hyper index ON on input line 6355.
Package hyperref Info: backreferencing OFF on input line 6362.
Package hyperref Info: Link coloring OFF on input line 6367.
Package hyperref Info: Link coloring with OCG OFF on input line 6372.
Package hyperref Info: PDF/A mode OFF on input line 6377.
LaTeX Info: Redefining \ref on input line 6417.
LaTeX Info: Redefining \pageref on input line 6421.

(/usr/local/texlive/2020/texmf-dist/tex/generic/atbegshi/atbegshi.sty
Package: atbegshi 2019/12/05 v1.19 At begin shipout hook (HO)
)
\Hy@abspage=\count282
\c@Item=\count283
)
Package hyperref Info: Driver (autodetected): hpdftex.

(/usr/local/texlive/2020/texmf-dist/tex/latex/hyperref/hpdftex.def
File: hpdftex.def 2020-05-15 v7.00e Hyperref driver for pdfTeX

(/usr/local/texlive/2020/texmf-dist/tex/latex/atveryend/atveryend.sty
Package: atveryend 2019-12-11 v1.11 Hooks at the very end of document (HO)
Package atveryend Info: \enddocument detected (standard20110627).
)
\Fld@listcount=\count284
\c@bookmark@seq@number=\count285

(/usr/local/texlive/2020/texmf-dist/tex/latex/rerunfilecheck/rerunfilecheck.sty
Package: rerunfilecheck 2019/12/05 v1.9 Rerun checks for auxiliary files (HO)

(/usr/local/texlive/2020/texmf-dist/tex/generic/uniquecounter/uniquecounter.sty
Package: uniquecounter 2019/12/15 v1.4 Provide unlimited unique counter (HO)
)
Package uniquecounter Info: New unique counter `rerunfilecheck' on input line 2
86.
)
\Hy@SectionHShift=\skip96
) (/usr/local/texlive/2020/texmf-dist/tex/latex/cleveref/cleveref.sty
Package: cleveref 2018/03/27 v0.21.4 Intelligent cross-referencing
Package cleveref Info: `hyperref' support loaded on input line 2370.
LaTeX Info: Redefining \cref on input line 2370.
LaTeX Info: Redefining \Cref on input line 2370.
LaTeX Info: Redefining \crefrange on input line 2370.
LaTeX Info: Redefining \Crefrange on input line 2370.
LaTeX Info: Redefining \cpageref on input line 2370.
LaTeX Info: Redefining \Cpageref on input line 2370.
LaTeX Info: Redefining \cpagerefrange on input line 2370.
LaTeX Info: Redefining \Cpagerefrange on input line 2370.
LaTeX Info: Redefining \labelcref on input line 2370.
LaTeX Info: Redefining \labelcpageref on input line 2370.
Package cleveref Info: always capitalise cross-reference names on input line 78
25.
Package cleveref Info: include cross-reference names in hyperlinks on input lin
e 7836.
Package cleveref Info: always capitalise cross-reference names on input line 78
52.
Package cleveref Info: include cross-reference names in hyperlinks on input lin
e 7852.
)
(/usr/local/texlive/2020/texmf-dist/tex/latex/bookmark/bookmark.sty
Package: bookmark 2019/12/03 v1.28 PDF bookmarks (HO)

(/usr/local/texlive/2020/texmf-dist/tex/latex/bookmark/bkm-pdftex.def
File: bkm-pdftex.def 2019/12/03 v1.28 bookmark driver for pdfTeX (HO)
\BKM@id=\count286
))
(/usr/local/texlive/2020/texmf-dist/tex/latex/base/ifthen.sty
Package: ifthen 2014/09/29 v1.1c Standard LaTeX ifthen package (DPC)
)
(/usr/local/texlive/2020/texmf-dist/tex/latex/siunitx/siunitx.sty
Package: siunitx 2020/02/25 v2.8b A comprehensive (SI) units package

(/usr/local/texlive/2020/texmf-dist/tex/latex/tools/array.sty
Package: array 2019/08/31 v2.4l Tabular extension package (FMi)
\col@sep=\dimen163
\ar@mcellbox=\box50
\extrarowheight=\dimen164
\NC@list=\toks28
\extratabsurround=\skip97
\backup@length=\skip98
\ar@cellbox=\box51
)
(/usr/local/texlive/2020/texmf-dist/tex/latex/l3packages/l3keys2e/l3keys2e.sty
Package: l3keys2e 2020-05-15 LaTeX2e option processing using LaTeX3 keys
)
\l__siunitx_tmp_box=\box52
\l__siunitx_tmp_dim=\dimen165
\l__siunitx_tmp_int=\count287
\l__siunitx_number_mantissa_length_int=\count288
\l__siunitx_number_uncert_length_int=\count289
\l__siunitx_round_int=\count290
\l__siunitx_process_decimal_int=\count291
\l__siunitx_process_uncertainty_int=\count292
\l__siunitx_process_fixed_int=\count293
\l__siunitx_process_integer_min_int=\count294
\l__siunitx_process_precision_int=\count295
\l__siunitx_group_min_int=\count296
\l__siunitx_angle_marker_box=\box53
\l__siunitx_angle_unit_box=\box54
\l__siunitx_angle_marker_dim=\dimen166
\l__siunitx_angle_unit_dim=\dimen167
\l__siunitx_unit_int=\count297
\l__siunitx_unit_denominator_int=\count298
\l__siunitx_unit_numerator_int=\count299
\l__siunitx_unit_prefix_int=\count300
\l__siunitx_unit_prefix_base_int=\count301
\l__siunitx_unit_prefix_gram_int=\count302
\l__siunitx_number_product_int=\count303
\c__siunitx_one_fill_skip=\skip99
\l__siunitx_table_unit_align_skip=\skip100
\l__siunitx_table_exponent_dim=\dimen168
\l__siunitx_table_integer_dim=\dimen169
\l__siunitx_table_mantissa_dim=\dimen170
\l__siunitx_table_marker_dim=\dimen171
\l__siunitx_table_result_dim=\dimen172
\l__siunitx_table_uncert_dim=\dimen173
\l__siunitx_table_fill_pre_dim=\dimen174
\l__siunitx_table_fill_post_dim=\dimen175
\l__siunitx_table_fill_mid_dim=\dimen176
\l__siunitx_table_pre_box=\box55
\l__siunitx_table_post_box=\box56
\l__siunitx_table_mantissa_box=\box57
\l__siunitx_table_result_box=\box58
\l__siunitx_table_number_align_skip=\skip101
\l__siunitx_table_text_align_skip=\skip102
(/usr/local/texlive/2020/texmf-dist/tex/latex/translator/translator.sty
Package: translator 2020-07-27 v1.12b Easy translation of strings in LaTeX
))
(/usr/local/texlive/2020/texmf-dist/tex/latex/ltxmisc/topcapt.sty
Package: topcapt 2004/12/11 v1.2 Caption at top of float
)
(/usr/local/texlive/2020/texmf-dist/tex/latex/amsfonts/amssymb.sty
Package: amssymb 2013/01/14 v3.01 AMS font symbols

(/usr/local/texlive/2020/texmf-dist/tex/latex/amsfonts/amsfonts.sty
Package: amsfonts 2013/01/14 v3.01 Basic AMSFonts support
\symAMSa=\mathgroup4
\symAMSb=\mathgroup5
LaTeX Font Info:    Redeclaring math symbol \hbar on input line 98.
LaTeX Font Info:    Overwriting math alphabet `\mathfrak' in version `bold'
(Font)                  U/euf/m/n --> U/euf/b/n on input line 106.
))
(/usr/local/texlive/2020/texmf-dist/tex/latex/cite/cite.sty
LaTeX Info: Redefining \cite on input line 302.
LaTeX Info: Redefining \nocite on input line 332.
Package: cite 2015/02/27  v 5.5
)
(/usr/local/texlive/2020/texmf-dist/tex/latex/tools/xspace.sty
Package: xspace 2014/10/28 v1.13 Space after command names (DPC,MH)
)
(/usr/local/texlive/2020/texmf-dist/tex/latex/xcolor/xcolor.sty
Package: xcolor 2016/05/11 v2.12 LaTeX color extensions (UK)

(/usr/local/texlive/2020/texmf-dist/tex/latex/graphics-cfg/color.cfg
File: color.cfg 2016/01/02 v1.6 sample color configuration
)
Package xcolor Info: Driver file: pdftex.def on input line 225.
Package xcolor Info: Model `cmy' substituted by `cmy0' on input line 1348.
Package xcolor Info: Model `hsb' substituted by `rgb' on input line 1352.
Package xcolor Info: Model `RGB' extended on input line 1364.
Package xcolor Info: Model `HTML' substituted by `rgb' on input line 1366.
Package xcolor Info: Model `Hsb' substituted by `hsb' on input line 1367.
Package xcolor Info: Model `tHsb' substituted by `hsb' on input line 1368.
Package xcolor Info: Model `HSB' substituted by `hsb' on input line 1369.
Package xcolor Info: Model `Gray' substituted by `gray' on input line 1370.
Package xcolor Info: Model `wave' substituted by `hsb' on input line 1371.
)
(/usr/local/texlive/2020/texmf-dist/tex/latex/carlisle/slashed.sty
Package: slashed 1997/01/16 v0.01 Feynman Slashed Character Notation (DPC)
)
(/usr/local/texlive/2020/texmf-dist/tex/latex/pdfpages/pdfpages.sty
Package: pdfpages 2020/01/28 v0.5q Insert pages of external PDF documents (AM)

(/usr/local/texlive/2020/texmf-dist/tex/latex/eso-pic/eso-pic.sty
Package: eso-pic 2018/04/12 v2.0h eso-pic (RN)
)
\AM@pagewidth=\dimen177
\AM@pageheight=\dimen178

(/usr/local/texlive/2020/texmf-dist/tex/latex/pdfpages/pppdftex.def
File: pppdftex.def 2020/01/28 v0.5q Pdfpages driver for pdfTeX (AM)
)
\AM@pagebox=\box59
\AM@global@opts=\toks29
\AM@pagecnt=\count304
\AM@toc@title=\toks30
\c@AM@survey=\count305
\AM@templatesizebox=\box60
)
(/usr/local/texlive/2020/texmf-dist/tex/latex/todonotes/todonotes.sty
Package: todonotes 2019/01/24 v1.1.2 Todonotes source and documentation.
Package: todonotes 2018/11/22

(/usr/local/texlive/2020/texmf-dist/tex/latex/xkeyval/xkeyval.sty
Package: xkeyval 2014/12/03 v2.7a package option processing (HA)

(/usr/local/texlive/2020/texmf-dist/tex/generic/xkeyval/xkeyval.tex
(/usr/local/texlive/2020/texmf-dist/tex/generic/xkeyval/xkvutils.tex
\XKV@toks=\toks31
\XKV@tempa@toks=\toks32
)
\XKV@depth=\count306
File: xkeyval.tex 2014/12/03 v2.7a key=value parser (HA)
))
(/usr/local/texlive/2020/texmf-dist/tex/latex/pgf/frontendlayer/tikz.sty
(/usr/local/texlive/2020/texmf-dist/tex/latex/pgf/basiclayer/pgf.sty
(/usr/local/texlive/2020/texmf-dist/tex/latex/pgf/utilities/pgfrcs.sty
(/usr/local/texlive/2020/texmf-dist/tex/generic/pgf/utilities/pgfutil-common.te
x
\pgfutil@everybye=\toks33
\pgfutil@tempdima=\dimen179
\pgfutil@tempdimb=\dimen180

(/usr/local/texlive/2020/texmf-dist/tex/generic/pgf/utilities/pgfutil-common-li
sts.tex))
(/usr/local/texlive/2020/texmf-dist/tex/generic/pgf/utilities/pgfutil-latex.def
\pgfutil@abb=\box61
(/usr/local/texlive/2020/texmf-dist/tex/latex/ms/everyshi.sty
Package: everyshi 2001/05/15 v3.00 EveryShipout Package (MS)
))
(/usr/local/texlive/2020/texmf-dist/tex/generic/pgf/utilities/pgfrcs.code.tex
(/usr/local/texlive/2020/texmf-dist/tex/generic/pgf/pgf.revision.tex)
Package: pgfrcs 2020/01/08 v3.1.5b (3.1.5b)
))
Package: pgf 2020/01/08 v3.1.5b (3.1.5b)

(/usr/local/texlive/2020/texmf-dist/tex/latex/pgf/basiclayer/pgfcore.sty
(/usr/local/texlive/2020/texmf-dist/tex/latex/pgf/systemlayer/pgfsys.sty
(/usr/local/texlive/2020/texmf-dist/tex/generic/pgf/systemlayer/pgfsys.code.tex
Package: pgfsys 2020/01/08 v3.1.5b (3.1.5b)
(/usr/local/texlive/2020/texmf-dist/tex/generic/pgf/utilities/pgfkeys.code.tex
\pgfkeys@pathtoks=\toks34
\pgfkeys@temptoks=\toks35

(/usr/local/texlive/2020/texmf-dist/tex/generic/pgf/utilities/pgfkeysfiltered.c
ode.tex
\pgfkeys@tmptoks=\toks36
))
\pgf@x=\dimen181
\pgf@y=\dimen182
\pgf@xa=\dimen183
\pgf@ya=\dimen184
\pgf@xb=\dimen185
\pgf@yb=\dimen186
\pgf@xc=\dimen187
\pgf@yc=\dimen188
\pgf@xd=\dimen189
\pgf@yd=\dimen190
\w@pgf@writea=\write3
\r@pgf@reada=\read2
\c@pgf@counta=\count307
\c@pgf@countb=\count308
\c@pgf@countc=\count309
\c@pgf@countd=\count310
\t@pgf@toka=\toks37
\t@pgf@tokb=\toks38
\t@pgf@tokc=\toks39
\pgf@sys@id@count=\count311

(/usr/local/texlive/2020/texmf-dist/tex/generic/pgf/systemlayer/pgf.cfg
File: pgf.cfg 2020/01/08 v3.1.5b (3.1.5b)
)
Driver file for pgf: pgfsys-pdftex.def

(/usr/local/texlive/2020/texmf-dist/tex/generic/pgf/systemlayer/pgfsys-pdftex.d
ef
File: pgfsys-pdftex.def 2020/01/08 v3.1.5b (3.1.5b)

(/usr/local/texlive/2020/texmf-dist/tex/generic/pgf/systemlayer/pgfsys-common-p
df.def
File: pgfsys-common-pdf.def 2020/01/08 v3.1.5b (3.1.5b)
)))
(/usr/local/texlive/2020/texmf-dist/tex/generic/pgf/systemlayer/pgfsyssoftpath.
code.tex
File: pgfsyssoftpath.code.tex 2020/01/08 v3.1.5b (3.1.5b)
\pgfsyssoftpath@smallbuffer@items=\count312
\pgfsyssoftpath@bigbuffer@items=\count313
)
(/usr/local/texlive/2020/texmf-dist/tex/generic/pgf/systemlayer/pgfsysprotocol.
code.tex
File: pgfsysprotocol.code.tex 2020/01/08 v3.1.5b (3.1.5b)
))
(/usr/local/texlive/2020/texmf-dist/tex/generic/pgf/basiclayer/pgfcore.code.tex
Package: pgfcore 2020/01/08 v3.1.5b (3.1.5b)
(/usr/local/texlive/2020/texmf-dist/tex/generic/pgf/math/pgfmath.code.tex
(/usr/local/texlive/2020/texmf-dist/tex/generic/pgf/math/pgfmathcalc.code.tex
(/usr/local/texlive/2020/texmf-dist/tex/generic/pgf/math/pgfmathutil.code.tex)
(/usr/local/texlive/2020/texmf-dist/tex/generic/pgf/math/pgfmathparser.code.tex
\pgfmath@dimen=\dimen191
\pgfmath@count=\count314
\pgfmath@box=\box62
\pgfmath@toks=\toks40
\pgfmath@stack@operand=\toks41
\pgfmath@stack@operation=\toks42
)
(/usr/local/texlive/2020/texmf-dist/tex/generic/pgf/math/pgfmathfunctions.code.
tex
(/usr/local/texlive/2020/texmf-dist/tex/generic/pgf/math/pgfmathfunctions.basic
.code.tex)
(/usr/local/texlive/2020/texmf-dist/tex/generic/pgf/math/pgfmathfunctions.trigo
nometric.code.tex)
(/usr/local/texlive/2020/texmf-dist/tex/generic/pgf/math/pgfmathfunctions.rando
m.code.tex)
(/usr/local/texlive/2020/texmf-dist/tex/generic/pgf/math/pgfmathfunctions.compa
rison.code.tex)
(/usr/local/texlive/2020/texmf-dist/tex/generic/pgf/math/pgfmathfunctions.base.
code.tex)
(/usr/local/texlive/2020/texmf-dist/tex/generic/pgf/math/pgfmathfunctions.round
.code.tex)
(/usr/local/texlive/2020/texmf-dist/tex/generic/pgf/math/pgfmathfunctions.misc.
code.tex)
(/usr/local/texlive/2020/texmf-dist/tex/generic/pgf/math/pgfmathfunctions.integ
erarithmetics.code.tex)))
(/usr/local/texlive/2020/texmf-dist/tex/generic/pgf/math/pgfmathfloat.code.tex
\c@pgfmathroundto@lastzeros=\count315
)) (/usr/local/texlive/2020/texmf-dist/tex/generic/pgf/math/pgfint.code.tex)
(/usr/local/texlive/2020/texmf-dist/tex/generic/pgf/basiclayer/pgfcorepoints.co
de.tex
File: pgfcorepoints.code.tex 2020/01/08 v3.1.5b (3.1.5b)
\pgf@picminx=\dimen192
\pgf@picmaxx=\dimen193
\pgf@picminy=\dimen194
\pgf@picmaxy=\dimen195
\pgf@pathminx=\dimen196
\pgf@pathmaxx=\dimen197
\pgf@pathminy=\dimen198
\pgf@pathmaxy=\dimen199
\pgf@xx=\dimen256
\pgf@xy=\dimen257
\pgf@yx=\dimen258
\pgf@yy=\dimen259
\pgf@zx=\dimen260
\pgf@zy=\dimen261
)
(/usr/local/texlive/2020/texmf-dist/tex/generic/pgf/basiclayer/pgfcorepathconst
ruct.code.tex
File: pgfcorepathconstruct.code.tex 2020/01/08 v3.1.5b (3.1.5b)
\pgf@path@lastx=\dimen262
\pgf@path@lasty=\dimen263
)
(/usr/local/texlive/2020/texmf-dist/tex/generic/pgf/basiclayer/pgfcorepathusage
.code.tex
File: pgfcorepathusage.code.tex 2020/01/08 v3.1.5b (3.1.5b)
\pgf@shorten@end@additional=\dimen264
\pgf@shorten@start@additional=\dimen265
)
(/usr/local/texlive/2020/texmf-dist/tex/generic/pgf/basiclayer/pgfcorescopes.co
de.tex
File: pgfcorescopes.code.tex 2020/01/08 v3.1.5b (3.1.5b)
\pgfpic=\box63
\pgf@hbox=\box64
\pgf@layerbox@main=\box65
\pgf@picture@serial@count=\count316
)
(/usr/local/texlive/2020/texmf-dist/tex/generic/pgf/basiclayer/pgfcoregraphicst
ate.code.tex
File: pgfcoregraphicstate.code.tex 2020/01/08 v3.1.5b (3.1.5b)
\pgflinewidth=\dimen266
)
(/usr/local/texlive/2020/texmf-dist/tex/generic/pgf/basiclayer/pgfcoretransform
ations.code.tex
File: pgfcoretransformations.code.tex 2020/01/08 v3.1.5b (3.1.5b)
\pgf@pt@x=\dimen267
\pgf@pt@y=\dimen268
\pgf@pt@temp=\dimen269
)
(/usr/local/texlive/2020/texmf-dist/tex/generic/pgf/basiclayer/pgfcorequick.cod
e.tex
File: pgfcorequick.code.tex 2020/01/08 v3.1.5b (3.1.5b)
)
(/usr/local/texlive/2020/texmf-dist/tex/generic/pgf/basiclayer/pgfcoreobjects.c
ode.tex
File: pgfcoreobjects.code.tex 2020/01/08 v3.1.5b (3.1.5b)
)
(/usr/local/texlive/2020/texmf-dist/tex/generic/pgf/basiclayer/pgfcorepathproce
ssing.code.tex
File: pgfcorepathprocessing.code.tex 2020/01/08 v3.1.5b (3.1.5b)
)
(/usr/local/texlive/2020/texmf-dist/tex/generic/pgf/basiclayer/pgfcorearrows.co
de.tex
File: pgfcorearrows.code.tex 2020/01/08 v3.1.5b (3.1.5b)
\pgfarrowsep=\dimen270
)
(/usr/local/texlive/2020/texmf-dist/tex/generic/pgf/basiclayer/pgfcoreshade.cod
e.tex
File: pgfcoreshade.code.tex 2020/01/08 v3.1.5b (3.1.5b)
\pgf@max=\dimen271
\pgf@sys@shading@range@num=\count317
\pgf@shadingcount=\count318
)
(/usr/local/texlive/2020/texmf-dist/tex/generic/pgf/basiclayer/pgfcoreimage.cod
e.tex
File: pgfcoreimage.code.tex 2020/01/08 v3.1.5b (3.1.5b)

(/usr/local/texlive/2020/texmf-dist/tex/generic/pgf/basiclayer/pgfcoreexternal.
code.tex
File: pgfcoreexternal.code.tex 2020/01/08 v3.1.5b (3.1.5b)
\pgfexternal@startupbox=\box66
))
(/usr/local/texlive/2020/texmf-dist/tex/generic/pgf/basiclayer/pgfcorelayers.co
de.tex
File: pgfcorelayers.code.tex 2020/01/08 v3.1.5b (3.1.5b)
)
(/usr/local/texlive/2020/texmf-dist/tex/generic/pgf/basiclayer/pgfcoretranspare
ncy.code.tex
File: pgfcoretransparency.code.tex 2020/01/08 v3.1.5b (3.1.5b)
)
(/usr/local/texlive/2020/texmf-dist/tex/generic/pgf/basiclayer/pgfcorepatterns.
code.tex
File: pgfcorepatterns.code.tex 2020/01/08 v3.1.5b (3.1.5b)
)
(/usr/local/texlive/2020/texmf-dist/tex/generic/pgf/basiclayer/pgfcorerdf.code.
tex
File: pgfcorerdf.code.tex 2020/01/08 v3.1.5b (3.1.5b)
)))
(/usr/local/texlive/2020/texmf-dist/tex/generic/pgf/modules/pgfmoduleshapes.cod
e.tex
File: pgfmoduleshapes.code.tex 2020/01/08 v3.1.5b (3.1.5b)
\pgfnodeparttextbox=\box67
)
(/usr/local/texlive/2020/texmf-dist/tex/generic/pgf/modules/pgfmoduleplot.code.
tex
File: pgfmoduleplot.code.tex 2020/01/08 v3.1.5b (3.1.5b)
)
(/usr/local/texlive/2020/texmf-dist/tex/latex/pgf/compatibility/pgfcomp-version
-0-65.sty
Package: pgfcomp-version-0-65 2020/01/08 v3.1.5b (3.1.5b)
\pgf@nodesepstart=\dimen272
\pgf@nodesepend=\dimen273
)
(/usr/local/texlive/2020/texmf-dist/tex/latex/pgf/compatibility/pgfcomp-version
-1-18.sty
Package: pgfcomp-version-1-18 2020/01/08 v3.1.5b (3.1.5b)
))
(/usr/local/texlive/2020/texmf-dist/tex/latex/pgf/utilities/pgffor.sty
(/usr/local/texlive/2020/texmf-dist/tex/latex/pgf/utilities/pgfkeys.sty
(/usr/local/texlive/2020/texmf-dist/tex/generic/pgf/utilities/pgfkeys.code.tex)
) (/usr/local/texlive/2020/texmf-dist/tex/latex/pgf/math/pgfmath.sty
(/usr/local/texlive/2020/texmf-dist/tex/generic/pgf/math/pgfmath.code.tex))
(/usr/local/texlive/2020/texmf-dist/tex/generic/pgf/utilities/pgffor.code.tex
Package: pgffor 2020/01/08 v3.1.5b (3.1.5b)

(/usr/local/texlive/2020/texmf-dist/tex/generic/pgf/math/pgfmath.code.tex)
\pgffor@iter=\dimen274
\pgffor@skip=\dimen275
\pgffor@stack=\toks43
\pgffor@toks=\toks44
))
(/usr/local/texlive/2020/texmf-dist/tex/generic/pgf/frontendlayer/tikz/tikz.cod
e.tex
Package: tikz 2020/01/08 v3.1.5b (3.1.5b)

(/usr/local/texlive/2020/texmf-dist/tex/generic/pgf/libraries/pgflibraryplothan
dlers.code.tex
File: pgflibraryplothandlers.code.tex 2020/01/08 v3.1.5b (3.1.5b)
\pgf@plot@mark@count=\count319
\pgfplotmarksize=\dimen276
)
\tikz@lastx=\dimen277
\tikz@lasty=\dimen278
\tikz@lastxsaved=\dimen279
\tikz@lastysaved=\dimen280
\tikz@lastmovetox=\dimen281
\tikz@lastmovetoy=\dimen282
\tikzleveldistance=\dimen283
\tikzsiblingdistance=\dimen284
\tikz@figbox=\box68
\tikz@figbox@bg=\box69
\tikz@tempbox=\box70
\tikz@tempbox@bg=\box71
\tikztreelevel=\count320
\tikznumberofchildren=\count321
\tikznumberofcurrentchild=\count322
\tikz@fig@count=\count323

(/usr/local/texlive/2020/texmf-dist/tex/generic/pgf/modules/pgfmodulematrix.cod
e.tex
File: pgfmodulematrix.code.tex 2020/01/08 v3.1.5b (3.1.5b)
\pgfmatrixcurrentrow=\count324
\pgfmatrixcurrentcolumn=\count325
\pgf@matrix@numberofcolumns=\count326
)
\tikz@expandcount=\count327

(/usr/local/texlive/2020/texmf-dist/tex/generic/pgf/frontendlayer/tikz/librarie
s/tikzlibrarytopaths.code.tex
File: tikzlibrarytopaths.code.tex 2020/01/08 v3.1.5b (3.1.5b)
)))
(/usr/local/texlive/2020/texmf-dist/tex/generic/pgf/frontendlayer/tikz/librarie
s/tikzlibrarypositioning.code.tex
File: tikzlibrarypositioning.code.tex 2020/01/08 v3.1.5b (3.1.5b)
)
(/usr/local/texlive/2020/texmf-dist/tex/generic/pgf/frontendlayer/tikz/librarie
s/tikzlibraryshadows.code.tex
File: tikzlibraryshadows.code.tex 2020/01/08 v3.1.5b (3.1.5b)

(/usr/local/texlive/2020/texmf-dist/tex/generic/pgf/frontendlayer/tikz/librarie
s/tikzlibraryfadings.code.tex
File: tikzlibraryfadings.code.tex 2020/01/08 v3.1.5b (3.1.5b)

(/usr/local/texlive/2020/texmf-dist/tex/generic/pgf/libraries/pgflibraryfadings
.code.tex
File: pgflibraryfadings.code.tex 2020/01/08 v3.1.5b (3.1.5b)
)))
\c@@todonotes@numberoftodonotes=\count328
)
(/usr/local/texlive/2020/texmf-dist/tex/latex/footnotebackref/footnotebackref.s
ty
Package: footnotebackref 2012/07/01 v1.0 Backreferences for footnotes (Holger L
ange)
\c@BackrefHyperFootnoteCounter=\count329
) (/usr/local/texlive/2020/texmf-dist/tex/latex/adjustbox/adjustbox.sty
Package: adjustbox 2019/01/04 v1.2 Adjusting TeX boxes (trim, clip, ...)

(/usr/local/texlive/2020/texmf-dist/tex/latex/adjustbox/adjcalc.sty
Package: adjcalc 2012/05/16 v1.1 Provides advanced setlength with multiple back
-ends (calc, etex, pgfmath)
)
(/usr/local/texlive/2020/texmf-dist/tex/latex/adjustbox/trimclip.sty
Package: trimclip 2018/04/08 v1.1 Trim and clip general TeX material

(/usr/local/texlive/2020/texmf-dist/tex/latex/collectbox/collectbox.sty
Package: collectbox 2012/05/17 v0.4b Collect macro arguments as boxes
\collectedbox=\box72
)
\tc@llx=\dimen285
\tc@lly=\dimen286
\tc@urx=\dimen287
\tc@ury=\dimen288
Package trimclip Info: Using driver 'tc-pdftex.def'.

(/usr/local/texlive/2020/texmf-dist/tex/latex/adjustbox/tc-pdftex.def
File: tc-pdftex.def 2019/01/04 v2.2 Clipping driver for pdftex
))
\adjbox@Width=\dimen289
\adjbox@Height=\dimen290
\adjbox@Depth=\dimen291
\adjbox@Totalheight=\dimen292
\adjbox@pwidth=\dimen293
\adjbox@pheight=\dimen294
\adjbox@pdepth=\dimen295
\adjbox@ptotalheight=\dimen296

(/usr/local/texlive/2020/texmf-dist/tex/latex/ifoddpage/ifoddpage.sty
Package: ifoddpage 2016/04/23 v1.1 Conditionals for odd/even page detection
\c@checkoddpage=\count330
)
(/usr/local/texlive/2020/texmf-dist/tex/latex/varwidth/varwidth.sty
Package: varwidth 2009/03/30 ver 0.92;  Variable-width minipages
\@vwid@box=\box73
\sift@deathcycles=\count331
\@vwid@loff=\dimen297
\@vwid@roff=\dimen298
))
(/usr/local/texlive/2020/texmf-dist/tex/latex/graphics/rotating.sty
Package: rotating 2016/08/11 v2.16d rotated objects in LaTeX
\c@r@tfl@t=\count332
\rotFPtop=\skip103
\rotFPbot=\skip104
\rot@float@box=\box74
\rot@mess@toks=\toks45
)
(/usr/local/texlive/2020/texmf-dist/tex/latex/axodraw2/axodraw2.sty
Package: axodraw2 2018/10/10 v2.1.2

(/usr/local/texlive/2020/texmf-dist/tex/generic/iftex/ifxetex.sty
Package: ifxetex 2019/10/25 v0.7 ifxetex legacy package. Use iftex instead.
)
\axo@pdfoutput=\count333
\c@axo@objectIndex=\count334
\axo@spec=\write4
\axo@axohelpFile=\read3
\axounitlength=\skip105
\axo@x=\skip106
\axo@y=\skip107
\tmpX=\dimen299
\tmpY=\dimen300
\tmpBox=\box75
\tmpBoxA=\box76
\axo@tmp=\count335
\axo@tmpA=\count336
\axo@tmpB=\count337
\bpinsp=\count338
\ptinsp=\count339
)
(/usr/local/texlive/2020/texmf-dist/tex/latex/braket/braket.sty)
(/usr/local/texlive/2020/texmf-dist/tex/latex/fmtcount/fmtcount.sty
Package: fmtcount 2020/01/30 v3.07

(/usr/local/texlive/2020/texmf-dist/tex/latex/etoolbox/etoolbox.sty
Package: etoolbox 2020/07/15 v2.5i e-TeX tools for LaTeX (JAW)
\etb@tempcnta=\count340
)
(/usr/local/texlive/2020/texmf-dist/tex/latex/fmtcount/fcprefix.sty
Package: fcprefix 2012/09/28

(/usr/local/texlive/2020/texmf-dist/tex/latex/fmtcount/fcnumparser.sty
Package: fcnumparser 2017/06/15
\fc@digit@counter=\count341
))
\c@padzeroesN=\count342
\fc@tmpcatcode=\count343
\@DT@modctr=\count344
\@ordinalctr=\count345
\@orgargctr=\count346
\@strctr=\count347
\@tmpstrctr=\count348
\@DT@loopN=\count349
\@DT@X=\count350
)
\hackyCounter=\count351
\c@hackyCounter=\count352

(./ptdr-definitions.tex) (./thesis.aux

LaTeX Warning: Label `table:1' multiply defined.


LaTeX Warning: Label `table:1@cref' multiply defined.

)
\openout1 = `thesis.aux'.

LaTeX Font Info:    Checking defaults for OML/cmm/m/it on input line 150.
LaTeX Font Info:    ... okay on input line 150.
LaTeX Font Info:    Checking defaults for OMS/cmsy/m/n on input line 150.
LaTeX Font Info:    ... okay on input line 150.
LaTeX Font Info:    Checking defaults for OT1/cmr/m/n on input line 150.
LaTeX Font Info:    ... okay on input line 150.
LaTeX Font Info:    Checking defaults for T1/cmr/m/n on input line 150.
LaTeX Font Info:    ... okay on input line 150.
LaTeX Font Info:    Checking defaults for TS1/cmr/m/n on input line 150.
LaTeX Font Info:    ... okay on input line 150.
LaTeX Font Info:    Checking defaults for OMX/cmex/m/n on input line 150.
LaTeX Font Info:    ... okay on input line 150.
LaTeX Font Info:    Checking defaults for U/cmr/m/n on input line 150.
LaTeX Font Info:    ... okay on input line 150.
LaTeX Font Info:    Checking defaults for PD1/pdf/m/n on input line 150.
LaTeX Font Info:    ... okay on input line 150.
Package caption Info: Begin \AtBeginDocument code.
Package caption Info: `topcapt' package detected; setting `position=b' for comp
atibility reasons.
Package caption Info: hyperref package is loaded.
Package caption Info: rotating package is loaded.
Package caption Info: End \AtBeginDocument code.
 (/usr/local/texlive/2020/texmf-dist/tex/context/base/mkii/supp-pdf.mkii
[Loading MPS to PDF converter (version 2006.09.02).]
\scratchcounter=\count353
\scratchdimen=\dimen301
\scratchbox=\box77
\nofMPsegments=\count354
\nofMParguments=\count355
\everyMPshowfont=\toks46
\MPscratchCnt=\count356
\MPscratchDim=\dimen302
\MPnumerator=\count357
\makeMPintoPDFobject=\count358
\everyMPtoPDFconversion=\toks47
)
\AtBeginShipoutBox=\box78
Package hyperref Info: Link coloring OFF on input line 150.
 (/usr/local/texlive/2020/texmf-dist/tex/latex/hyperref/nameref.sty
Package: nameref 2019/09/16 v2.46 Cross-referencing by name of section

(/usr/local/texlive/2020/texmf-dist/tex/latex/refcount/refcount.sty
Package: refcount 2019/12/15 v3.6 Data extraction from label references (HO)
)
(/usr/local/texlive/2020/texmf-dist/tex/generic/gettitlestring/gettitlestring.s
ty
Package: gettitlestring 2019/12/15 v1.6 Cleanup title references (HO)
)
\c@section@level=\count359
)
LaTeX Info: Redefining \ref on input line 150.
LaTeX Info: Redefining \pageref on input line 150.
LaTeX Info: Redefining \nameref on input line 150.

(/usr/local/texlive/2020/texmf-dist/tex/latex/translator/translator-basic-dicti
onary-English.dict
Dictionary: translator-basic-dictionary, Language: English 
)
(/usr/local/texlive/2020/texmf-dist/tex/latex/siunitx/siunitx-abbreviations.cfg
File: siunitx-abbreviations.cfg 2017/11/26 v2.7k siunitx: Abbreviated units
) (/usr/local/texlive/2020/texmf-dist/tex/latex/siunitx/siunitx-binary.cfg
File: siunitx-binary.cfg 2017/11/26 v2.7k siunitx: Binary units
)
(/usr/local/texlive/2020/texmf-dist/tex/latex/pdflscape/pdflscape.sty
Package: pdflscape 2019/12/05 v0.12 Display of landscape pages in PDF (HO)

(/usr/local/texlive/2020/texmf-dist/tex/latex/graphics/lscape.sty
Package: lscape 2000/10/22 v3.01 Landscape Pages (DPC)
)
Package pdflscape Info: Auto-detected driver: pdftex on input line 81.
)
ABD: EveryShipout initializing macros

Package todonotes Warning: The length marginparwidth is less than 2cm and will 
most likely cause issues with the appearance of inserted todonotes. The issue c
an be solved by adding a line like \setlength {\marginparwidth }{2cm} prior to 
loading the todonotes package. on input line 150.

\openout4 = `thesis.ax1'.

(/usr/local/texlive/2020/texmf-dist/tex/latex/fmtcount/fc-english.def
File: fc-english.def 2016/01/12
)
(./abstract.tex
LaTeX Font Info:    Trying to load font information for U+msa on input line 1.
 (/usr/local/texlive/2020/texmf-dist/tex/latex/amsfonts/umsa.fd
File: umsa.fd 2013/01/14 v3.01 AMS symbols A
)
LaTeX Font Info:    Trying to load font information for U+msb on input line 1.
(/usr/local/texlive/2020/texmf-dist/tex/latex/amsfonts/umsb.fd
File: umsb.fd 2013/01/14 v3.01 AMS symbols B
)) [1


{/usr/local/texlive/2020/texmf-var/fonts/map/pdftex/updmap/pdftex.map}] [2] [3

] [4

]
(./thesis.toc
Overfull \hbox (55.3148pt too wide) detected at line 18
\OT1/cmr/m/n/12 Chapter ONE  
 []


Overfull \hbox (58.74393pt too wide) detected at line 57
\OT1/cmr/m/n/12 Chapter TWO  
 []


Overfull \hbox (71.30354pt too wide) detected at line 107
\OT1/cmr/m/n/12 Chapter THREE  
 []


Overfull \hbox (63.30917pt too wide) detected at line 135
\OT1/cmr/m/n/12 Chapter FOUR  
 []

[5

]
Overfull \hbox (58.08284pt too wide) detected at line 156
\OT1/cmr/m/n/12 Chapter FIVE  
 []


Overfull \hbox (48.9482pt too wide) detected at line 183
\OT1/cmr/m/n/12 Chapter SIX  
 []


Overfull \hbox (69.50633pt too wide) detected at line 204
\OT1/cmr/m/n/12 Chapter SEVEN  
 []


Overfull \hbox (68.12024pt too wide) detected at line 323
\OT1/cmr/m/n/12 Chapter EIGHT  
 []

[6]
Overfull \hbox (59.2231pt too wide) detected at line 342
\OT1/cmr/m/n/12 Chapter NINE  
 []


Overfull \hbox (60.02321pt too wide) detected at line 347
\OT1/cmr/m/n/12 APPENDIX A  
 []


Overfull \hbox (59.53572pt too wide) detected at line 363
\OT1/cmr/m/n/12 APPENDIX B  
 []


Overfull \hbox (59.70099pt too wide) detected at line 370
\OT1/cmr/m/n/12 APPENDIX C  
 []


Overfull \hbox (60.18849pt too wide) detected at line 374
\OT1/cmr/m/n/12 APPENDIX D  
 []


Overfull \hbox (59.20934pt too wide) detected at line 379
\OT1/cmr/m/n/12 APPENDIX E  
 []

)
\tf@toc=\write5
\openout5 = `thesis.toc'.

 [7]
\myLoFlen=\skip108
 (./thesis.lof
Overfull \hbox (0.20593pt too wide) in paragraph at lines 120--120
 [][] | [][]\OT1/cmr/m/n/12 Percentage dif-fer-ence of $\OML/cmm/m/it/12 E[]\OT
1/cmr/m/n/12 (\OML/cmm/m/it/12 ^^^[]; ^^R[]\OT1/cmr/m/n/12 )$ and $\OML/cmm/m/i
t/12 E[]\OT1/cmr/m/n/12 (\OML/cmm/m/it/12 ^^^[]; ^^R[]\OT1/cmr/m/n/12 )$ for $[
] = 
 []


Overfull \hbox (0.20593pt too wide) in paragraph at lines 121--121
 [][] | [][]\OT1/cmr/m/n/12 Percentage dif-fer-ence of $\OML/cmm/m/it/12 E[]\OT
1/cmr/m/n/12 (\OML/cmm/m/it/12 ^^^[]; ^^R[]\OT1/cmr/m/n/12 )$ and $\OML/cmm/m/i
t/12 E[]\OT1/cmr/m/n/12 (\OML/cmm/m/it/12 ^^^[]; ^^R[]\OT1/cmr/m/n/12 )$ for $[
] = 
 []


Overfull \hbox (0.20593pt too wide) in paragraph at lines 123--123
 [][] | [][]\OT1/cmr/m/n/12 Percentage dif-fer-ence of $\OML/cmm/m/it/12 E[]\OT
1/cmr/m/n/12 (\OML/cmm/m/it/12 ^^^[]; ^^R[]\OT1/cmr/m/n/12 )$ and $\OML/cmm/m/i
t/12 E[]\OT1/cmr/m/n/12 (\OML/cmm/m/it/12 ^^^[]; ^^R[]\OT1/cmr/m/n/12 )$ for $[
] = 
 []


Overfull \hbox (0.20593pt too wide) in paragraph at lines 124--124
 [][] | [][]\OT1/cmr/m/n/12 Percentage dif-fer-ence of $\OML/cmm/m/it/12 E[]\OT
1/cmr/m/n/12 (\OML/cmm/m/it/12 ^^^[]; ^^R[]\OT1/cmr/m/n/12 )$ and $\OML/cmm/m/i
t/12 E[]\OT1/cmr/m/n/12 (\OML/cmm/m/it/12 ^^^[]; ^^R[]\OT1/cmr/m/n/12 )$ for $[
] = 
 []


Overfull \hbox (0.20593pt too wide) in paragraph at lines 125--125
 [][] | [][]\OT1/cmr/m/n/12 Percentage dif-fer-ence of $\OML/cmm/m/it/12 E[]\OT
1/cmr/m/n/12 (\OML/cmm/m/it/12 ^^^[]; ^^R[]\OT1/cmr/m/n/12 )$ and $\OML/cmm/m/i
t/12 E[]\OT1/cmr/m/n/12 (\OML/cmm/m/it/12 ^^^[]; ^^R[]\OT1/cmr/m/n/12 )$ for $[
] = 
 []


Overfull \hbox (0.20593pt too wide) in paragraph at lines 127--127
 [][] | [][]\OT1/cmr/m/n/12 Percentage dif-fer-ence of $\OML/cmm/m/it/12 E[]\OT
1/cmr/m/n/12 (\OML/cmm/m/it/12 ^^^[]; ^^R[]\OT1/cmr/m/n/12 )$ and $\OML/cmm/m/i
t/12 E[]\OT1/cmr/m/n/12 (\OML/cmm/m/it/12 ^^^[]; ^^R[]\OT1/cmr/m/n/12 )$ for $[
] = 
 []


Overfull \hbox (0.20593pt too wide) in paragraph at lines 128--128
 [][] | [][]\OT1/cmr/m/n/12 Percentage dif-fer-ence of $\OML/cmm/m/it/12 E[]\OT
1/cmr/m/n/12 (\OML/cmm/m/it/12 ^^^[]; ^^R[]\OT1/cmr/m/n/12 )$ and $\OML/cmm/m/i
t/12 E[]\OT1/cmr/m/n/12 (\OML/cmm/m/it/12 ^^^[]; ^^R[]\OT1/cmr/m/n/12 )$ for $[
] = 
 []


Overfull \hbox (0.20593pt too wide) in paragraph at lines 129--129
 [][] | [][]\OT1/cmr/m/n/12 Percentage dif-fer-ence of $\OML/cmm/m/it/12 E[]\OT
1/cmr/m/n/12 (\OML/cmm/m/it/12 ^^^[]; ^^R[]\OT1/cmr/m/n/12 )$ and $\OML/cmm/m/i
t/12 E[]\OT1/cmr/m/n/12 (\OML/cmm/m/it/12 ^^^[]; ^^R[]\OT1/cmr/m/n/12 )$ for $[
] = 
 []


Overfull \hbox (0.20593pt too wide) in paragraph at lines 131--131
 [][] | [][]\OT1/cmr/m/n/12 Percentage dif-fer-ence of $\OML/cmm/m/it/12 E[]\OT
1/cmr/m/n/12 (\OML/cmm/m/it/12 ^^^[]; ^^R[]\OT1/cmr/m/n/12 )$ and $\OML/cmm/m/i
t/12 E[]\OT1/cmr/m/n/12 (\OML/cmm/m/it/12 ^^^[]; ^^R[]\OT1/cmr/m/n/12 )$ for $[
] = 
 []


Overfull \hbox (0.20593pt too wide) in paragraph at lines 132--132
 [][] | [][]\OT1/cmr/m/n/12 Percentage dif-fer-ence of $\OML/cmm/m/it/12 E[]\OT
1/cmr/m/n/12 (\OML/cmm/m/it/12 ^^^[]; ^^R[]\OT1/cmr/m/n/12 )$ and $\OML/cmm/m/i
t/12 E[]\OT1/cmr/m/n/12 (\OML/cmm/m/it/12 ^^^[]; ^^R[]\OT1/cmr/m/n/12 )$ for $[
] = 
 []


Overfull \hbox (0.20593pt too wide) in paragraph at lines 133--133
 [][] | [][]\OT1/cmr/m/n/12 Percentage dif-fer-ence of $\OML/cmm/m/it/12 E[]\OT
1/cmr/m/n/12 (\OML/cmm/m/it/12 ^^^[]; ^^R[]\OT1/cmr/m/n/12 )$ and $\OML/cmm/m/i
t/12 E[]\OT1/cmr/m/n/12 (\OML/cmm/m/it/12 ^^^[]; ^^R[]\OT1/cmr/m/n/12 )$ for $[
] = 
 []


Overfull \hbox (0.20593pt too wide) in paragraph at lines 135--135
 [][] | [][]\OT1/cmr/m/n/12 Percentage dif-fer-ence of $\OML/cmm/m/it/12 E[]\OT
1/cmr/m/n/12 (\OML/cmm/m/it/12 ^^^[]; ^^R[]\OT1/cmr/m/n/12 )$ and $\OML/cmm/m/i
t/12 E[]\OT1/cmr/m/n/12 (\OML/cmm/m/it/12 ^^^[]; ^^R[]\OT1/cmr/m/n/12 )$ for $[
] = 
 []


Overfull \hbox (0.20593pt too wide) in paragraph at lines 136--136
 [][] | [][]\OT1/cmr/m/n/12 Percentage dif-fer-ence of $\OML/cmm/m/it/12 E[]\OT
1/cmr/m/n/12 (\OML/cmm/m/it/12 ^^^[]; ^^R[]\OT1/cmr/m/n/12 )$ and $\OML/cmm/m/i
t/12 E[]\OT1/cmr/m/n/12 (\OML/cmm/m/it/12 ^^^[]; ^^R[]\OT1/cmr/m/n/12 )$ for $[
] = 
 []

[8

]
Overfull \hbox (47.89812pt too wide) in paragraph at lines 285--285
 [][] | [][]\OT1/cmr/m/n/12 Muon pseu-do-ra-pid-ity dis-tri-bu-tions for KKMC-h
h (blue), MG5[]aMC@NLO 
 []


Overfull \hbox (2.61024pt too wide) in paragraph at lines 287--287
 [][] | [][]\OT1/cmr/m/n/12 Dimuon trans-verse mo-men-tum dis-tri-bu-tions for 
KKMC-hh (blue), 
 []


Overfull \hbox (55.96193pt too wide) in paragraph at lines 289--289
 [][] | [][]\OT1/cmr/m/n/12 Dimuon in-vari-ant mass dis-tri-bu-tions for KKMC-h
h (blue), MG5[]aMC@NLO 
 []


Overfull \hbox (23.51921pt too wide) in paragraph at lines 291--291
 [][] | [][]\OT1/cmr/m/n/12 Dimuon radip-ity dis-tri-bu-tions for KKMC-hh (blue
), MG5[]aMC@NLO 
 []

)
\tf@lof=\write6
\openout6 = `thesis.lof'.

 [9]
\myLoTlen=\skip109
 (./thesis.lot
Overfull \hbox (98.72911pt too wide) in paragraph at lines 267--267
 [][] | [][]\OT1/cmr/m/n/12 Cross Sec-tions ob-tained by KKMC-hh, MG5[]aMC@NLO,
 MG5[]aMC@NLO$\OMS/cmsy/m/n/12 
$\OT1/cmr/m/n/12 KKMC- 
 []

)
\tf@lot=\write7
\openout7 = `thesis.lot'.

 [10

] (./acknowledgments.tex) [11

] [12

]
(./Standard-Model-of-Electroweak-Interactions.tex
**************************
Chapter 1
Package epstopdf Info: Source file: <Particle.eps>
(epstopdf)                    date: 2020-09-06 15:48:53
(epstopdf)                    size: 1106529 bytes
(epstopdf)             Output file: <Particle-eps-converted-to.pdf>
(epstopdf)                    date: 2020-11-09 16:50:38
(epstopdf)                    size: 174375 bytes
(epstopdf)             Command: <repstopdf --outfile=Particle-eps-converted-to.
pdf Particle.eps>
(epstopdf)             \includegraphics on input line 6.
Package epstopdf Info: Output file is already uptodate.
<Particle-eps-converted-to.pdf, id=331, 853.1875pt x 640.3925pt>
File: Particle-eps-converted-to.pdf Graphic file (type pdf)
<use Particle-eps-converted-to.pdf>
Package pdftex.def Info: Particle-eps-converted-to.pdf  used on input line 6.
(pdftex.def)             Requested size: 383.93083pt x 288.17395pt.
[1



] [2 <./Particle-eps-converted-to.pdf>] [3] [4] [5] [6] [7]
Package epstopdf Info: Source file: <index.eps>
(epstopdf)                    date: 2020-09-07 12:16:35
(epstopdf)                    size: 26973103 bytes
(epstopdf)             Output file: <index-eps-converted-to.pdf>
(epstopdf)                    date: 2020-11-09 16:51:03
(epstopdf)                    size: 224739 bytes
(epstopdf)             Command: <repstopdf --outfile=index-eps-converted-to.pdf
 index.eps>
(epstopdf)             \includegraphics on input line 127.
Package epstopdf Info: Output file is already uptodate.
<index-eps-converted-to.pdf, id=396, 2787.41376pt x 1603.9925pt>
File: index-eps-converted-to.pdf Graphic file (type pdf)
<use index-eps-converted-to.pdf>
Package pdftex.def Info: index-eps-converted-to.pdf  used on input line 127.
(pdftex.def)             Requested size: 222.99765pt x 128.32202pt.
 [8 <./index-eps-converted-to.pdf>]
Overfull \hbox (1.76503pt too wide) in paragraph at lines 169--170
[]\OT1/cmr/m/n/12 The sys-tem de-scribed above gives an ex-am-ple of the Gold-s
tone the-o-rem [[]21[][][]25[]]:
 []

[9] [10] [11] [12] [13] [14]
Overfull \hbox (2.26779pt too wide) in paragraph at lines 251--252
[]\OT1/cmr/m/n/12 In or-der to ex-plore ad-di-tional com-pli-ca-tions from spon
-ta-neous sym-me-try break-
 []

[15] [16] [17] [18] [19] [20] [21] [22] [23] [24] [25] [26] [27]) [28]
(./Techniques-for-the-Calculation-of-Electroweak-Radiative-Corrections-at-the-O
ne-Loop-Level.tex
**************************
Chapter 2
[29



] [30] [31] [32] [33] [34] [35] [36] [37] [38]
Underfull \hbox (badness 10000) in paragraph at lines 242--246

 []


Underfull \hbox (badness 10000) in paragraph at lines 242--246

 []


Underfull \hbox (badness 10000) in paragraph at lines 255--283

 []


Underfull \hbox (badness 10000) in paragraph at lines 255--283

 []


Underfull \hbox (badness 10000) in paragraph at lines 255--283

 []

[39] [40] [41] [42] [43] [44] [45] [46]

Package hyperref Warning: Token not allowed in a PDF string (PDFDocEncoding):
(hyperref)                removing `math shift' on input line 479.


Package hyperref Warning: Token not allowed in a PDF string (PDFDocEncoding):
(hyperref)                removing `\leq' on input line 479.


Package hyperref Warning: Token not allowed in a PDF string (PDFDocEncoding):
(hyperref)                removing `math shift' on input line 479.

[47] [48] [49] [50] [51]
Overfull \hbox (7.1715pt too wide) in alignment at lines 636--646
 [][][] []
 []

[52] [53] [54] [55] [56]
Overfull \hbox (34.89308pt too wide) in paragraph at lines 728--730
\OT1/cmr/m/n/12 where $\OMS/cmsy/m/n/12 f\OML/cmm/m/it/12 p[]; []  ; p[]\OMS/cm
sy/m/n/12 g$ \OT1/cmr/m/n/12 is any set of four lin-ear in-de-pen-dent Lorentz 
vec-tors out of $\OMS/cmsy/m/n/12 f\OML/cmm/m/it/12 p[]; []  ; p[]\OMS/cmsy/m/n
/12 g$\OT1/cmr/m/n/12 .
 []

[57] [58] [59] [60] [61] [62] [63] [64] [65] [66] [67]) [68]
(./Spinor-Techniques.tex
**************************
Chapter 3
[69



] [70]
Overfull \hbox (14.29686pt too wide) in paragraph at lines 33--34
[]\OT1/cmr/m/n/12 First, we in-tro-duce the he-li-ciy am-pli-tude ap-proach [[]
46[][][]49[]] pro-posed the CALKUL
 []

[71] [72]

LaTeX Warning: Command \i invalid in math mode on input line 95.

[73]
Overfull \hbox (28.67242pt too wide) in paragraph at lines 117--118
\OT1/cmr/m/n/12 method, we will ex-hibit the ex-plicit com-pu-ta-tion the am-pl
i-tude for the singe bremsstrahlung
 []


Overfull \hbox (122.515pt too wide) in paragraph at lines 149--150
[][] 
 []


Overfull \hbox (122.515pt too wide) in paragraph at lines 174--175
[][] 
 []

[74] [75] [76] [77] [78] [79] [80] [81] [82]
Overfull \hbox (16.79199pt too wide) in paragraph at lines 417--418
\OT1/cmr/m/n/12 we will present the ex-plicit cal-cu-la-tion of he-lic-ity am-p
li-tudes for the sin-gle bremsstrahlung
 []


Overfull \hbox (122.515pt too wide) in paragraph at lines 447--448
[][] 
 []

[83]
Overfull \hbox (141.44536pt too wide) in paragraph at lines 472--474
[][]\OT1/cmr/m/n/12 and
 []

[84] [85] [86] [87] [88] [89] [90]) [91]
(./Numerical-Computations-for-the-Five-Point-Function.tex
**************************
Chapter 4

Overfull \hbox (2.9686pt too wide) in paragraph at lines 12--13
[]\OT1/cmr/m/n/12 Here we use the con-ven-tions of Refs. [[]54[], []58[]] which
 are de-rived from Refs. [[]51[], []52[]].
 []

[92



]
Overfull \hbox (86.38pt too wide) in paragraph at lines 45--46
 [] 
 []

[93] [94] [95] [96] [97] [98] [99] [100] [101] [102] [103]

Package hyperref Warning: Token not allowed in a PDF string (PDFDocEncoding):
(hyperref)                removing `math shift' on input line 264.


Package hyperref Warning: Token not allowed in a PDF string (PDFDocEncoding):
(hyperref)                removing `subscript' on input line 264.


Package hyperref Warning: Token not allowed in a PDF string (PDFDocEncoding):
(hyperref)                removing `math shift' on input line 264.

Package epstopdf Info: Source file: <0PD3.eps>
(epstopdf)                    date: 2020-10-28 11:14:31
(epstopdf)                    size: 286108 bytes
(epstopdf)             Output file: <0PD3-eps-converted-to.pdf>
(epstopdf)                    date: 2020-11-10 10:03:19
(epstopdf)                    size: 78030 bytes
(epstopdf)             Command: <repstopdf --outfile=0PD3-eps-converted-to.pdf 
0PD3.eps>
(epstopdf)             \includegraphics on input line 304.
Package epstopdf Info: Output file is already uptodate.
<0PD3-eps-converted-to.pdf, id=1245, 569.12625pt x 283.0575pt>
File: 0PD3-eps-converted-to.pdf Graphic file (type pdf)
<use 0PD3-eps-converted-to.pdf>
Package pdftex.def Info: 0PD3-eps-converted-to.pdf  used on input line 304.
(pdftex.def)             Requested size: 313.0204pt x 155.6821pt.
[104]
Package epstopdf Info: Source file: <15PD3.eps>
(epstopdf)                    date: 2020-10-28 11:12:50
(epstopdf)                    size: 333631 bytes
(epstopdf)             Output file: <15PD3-eps-converted-to.pdf>
(epstopdf)                    date: 2020-11-10 10:03:20
(epstopdf)                    size: 91012 bytes
(epstopdf)             Command: <repstopdf --outfile=15PD3-eps-converted-to.pdf
 15PD3.eps>
(epstopdf)             \includegraphics on input line 311.
Package epstopdf Info: Output file is already uptodate.
<15PD3-eps-converted-to.pdf, id=1250, 569.12625pt x 283.0575pt>
File: 15PD3-eps-converted-to.pdf Graphic file (type pdf)
<use 15PD3-eps-converted-to.pdf>
Package pdftex.def Info: 15PD3-eps-converted-to.pdf  used on input line 311.
(pdftex.def)             Requested size: 313.0204pt x 155.6821pt.
Package epstopdf Info: Source file: <30PD3.eps>
(epstopdf)                    date: 2020-10-28 11:11:57
(epstopdf)                    size: 300669 bytes
(epstopdf)             Output file: <30PD3-eps-converted-to.pdf>
(epstopdf)                    date: 2020-11-10 10:03:20
(epstopdf)                    size: 83248 bytes
(epstopdf)             Command: <repstopdf --outfile=30PD3-eps-converted-to.pdf
 30PD3.eps>
(epstopdf)             \includegraphics on input line 318.
Package epstopdf Info: Output file is already uptodate.
<30PD3-eps-converted-to.pdf, id=1251, 569.12625pt x 283.0575pt>
File: 30PD3-eps-converted-to.pdf Graphic file (type pdf)
<use 30PD3-eps-converted-to.pdf>
Package pdftex.def Info: 30PD3-eps-converted-to.pdf  used on input line 318.
(pdftex.def)             Requested size: 313.0204pt x 155.6821pt.
Package epstopdf Info: Source file: <45PD3.eps>
(epstopdf)                    date: 2020-10-28 11:10:52
(epstopdf)                    size: 268597 bytes
(epstopdf)             Output file: <45PD3-eps-converted-to.pdf>
(epstopdf)                    date: 2020-11-10 10:03:21
(epstopdf)                    size: 73850 bytes
(epstopdf)             Command: <repstopdf --outfile=45PD3-eps-converted-to.pdf
 45PD3.eps>
(epstopdf)             \includegraphics on input line 325.
Package epstopdf Info: Output file is already uptodate.
<45PD3-eps-converted-to.pdf, id=1252, 569.12625pt x 283.0575pt>
File: 45PD3-eps-converted-to.pdf Graphic file (type pdf)
<use 45PD3-eps-converted-to.pdf>
Package pdftex.def Info: 45PD3-eps-converted-to.pdf  used on input line 325.
(pdftex.def)             Requested size: 313.0204pt x 155.6821pt.
Package epstopdf Info: Source file: <60PD3.eps>
(epstopdf)                    date: 2020-10-28 11:10:02
(epstopdf)                    size: 229926 bytes
(epstopdf)             Output file: <60PD3-eps-converted-to.pdf>
(epstopdf)                    date: 2020-11-10 10:03:22
(epstopdf)                    size: 63598 bytes
(epstopdf)             Command: <repstopdf --outfile=60PD3-eps-converted-to.pdf
 60PD3.eps>
(epstopdf)             \includegraphics on input line 332.
Package epstopdf Info: Output file is already uptodate.
<60PD3-eps-converted-to.pdf, id=1253, 569.12625pt x 283.0575pt>
File: 60PD3-eps-converted-to.pdf Graphic file (type pdf)
<use 60PD3-eps-converted-to.pdf>
Package pdftex.def Info: 60PD3-eps-converted-to.pdf  used on input line 332.
(pdftex.def)             Requested size: 313.0204pt x 155.6821pt.
Package epstopdf Info: Source file: <75PD3.eps>
(epstopdf)                    date: 2020-10-28 11:09:01
(epstopdf)                    size: 245203 bytes
(epstopdf)             Output file: <75PD3-eps-converted-to.pdf>
(epstopdf)                    date: 2020-11-10 10:03:22
(epstopdf)                    size: 67958 bytes
(epstopdf)             Command: <repstopdf --outfile=75PD3-eps-converted-to.pdf
 75PD3.eps>
(epstopdf)             \includegraphics on input line 339.
Package epstopdf Info: Output file is already uptodate.
<75PD3-eps-converted-to.pdf, id=1254, 569.12625pt x 283.0575pt>
File: 75PD3-eps-converted-to.pdf Graphic file (type pdf)
<use 75PD3-eps-converted-to.pdf>
Package pdftex.def Info: 75PD3-eps-converted-to.pdf  used on input line 339.
(pdftex.def)             Requested size: 313.0204pt x 155.6821pt.
Package epstopdf Info: Source file: <90PD3.eps>
(epstopdf)                    date: 2020-10-28 11:08:04
(epstopdf)                    size: 235487 bytes
(epstopdf)             Output file: <90PD3-eps-converted-to.pdf>
(epstopdf)                    date: 2020-11-10 10:03:23
(epstopdf)                    size: 65032 bytes
(epstopdf)             Command: <repstopdf --outfile=90PD3-eps-converted-to.pdf
 90PD3.eps>
(epstopdf)             \includegraphics on input line 346.
Package epstopdf Info: Output file is already uptodate.
<90PD3-eps-converted-to.pdf, id=1255, 569.12625pt x 283.0575pt>
File: 90PD3-eps-converted-to.pdf Graphic file (type pdf)
<use 90PD3-eps-converted-to.pdf>
Package pdftex.def Info: 90PD3-eps-converted-to.pdf  used on input line 346.
(pdftex.def)             Requested size: 313.0204pt x 155.6821pt.
Package epstopdf Info: Source file: <105PD3.eps>
(epstopdf)                    date: 2020-10-28 11:06:40
(epstopdf)                    size: 229310 bytes
(epstopdf)             Output file: <105PD3-eps-converted-to.pdf>
(epstopdf)                    date: 2020-11-10 10:03:24
(epstopdf)                    size: 63900 bytes
(epstopdf)             Command: <repstopdf --outfile=105PD3-eps-converted-to.pd
f 105PD3.eps>
(epstopdf)             \includegraphics on input line 353.
Package epstopdf Info: Output file is already uptodate.
<105PD3-eps-converted-to.pdf, id=1256, 569.12625pt x 283.0575pt>
File: 105PD3-eps-converted-to.pdf Graphic file (type pdf)
<use 105PD3-eps-converted-to.pdf>
Package pdftex.def Info: 105PD3-eps-converted-to.pdf  used on input line 353.
(pdftex.def)             Requested size: 313.0204pt x 155.6821pt.
Package epstopdf Info: Source file: <120PD3.eps>
(epstopdf)                    date: 2020-10-28 11:05:50
(epstopdf)                    size: 220771 bytes
(epstopdf)             Output file: <120PD3-eps-converted-to.pdf>
(epstopdf)                    date: 2020-11-10 10:03:24
(epstopdf)                    size: 59823 bytes
(epstopdf)             Command: <repstopdf --outfile=120PD3-eps-converted-to.pd
f 120PD3.eps>
(epstopdf)             \includegraphics on input line 360.
Package epstopdf Info: Output file is already uptodate.
<120PD3-eps-converted-to.pdf, id=1257, 569.12625pt x 283.0575pt>
File: 120PD3-eps-converted-to.pdf Graphic file (type pdf)
<use 120PD3-eps-converted-to.pdf>
Package pdftex.def Info: 120PD3-eps-converted-to.pdf  used on input line 360.
(pdftex.def)             Requested size: 313.0204pt x 155.6821pt.
Package epstopdf Info: Source file: <135PD3.eps>
(epstopdf)                    date: 2020-10-28 11:04:50
(epstopdf)                    size: 218360 bytes
(epstopdf)             Output file: <135PD3-eps-converted-to.pdf>
(epstopdf)                    date: 2020-11-10 10:03:25
(epstopdf)                    size: 61647 bytes
(epstopdf)             Command: <repstopdf --outfile=135PD3-eps-converted-to.pd
f 135PD3.eps>
(epstopdf)             \includegraphics on input line 368.
Package epstopdf Info: Output file is already uptodate.
<135PD3-eps-converted-to.pdf, id=1258, 569.12625pt x 283.0575pt>
File: 135PD3-eps-converted-to.pdf Graphic file (type pdf)
<use 135PD3-eps-converted-to.pdf>
Package pdftex.def Info: 135PD3-eps-converted-to.pdf  used on input line 368.
(pdftex.def)             Requested size: 313.0204pt x 155.6821pt.
Package epstopdf Info: Source file: <150PD3.eps>
(epstopdf)                    date: 2020-10-28 11:03:22
(epstopdf)                    size: 213158 bytes
(epstopdf)             Output file: <150PD3-eps-converted-to.pdf>
(epstopdf)                    date: 2020-11-10 10:03:26
(epstopdf)                    size: 59350 bytes
(epstopdf)             Command: <repstopdf --outfile=150PD3-eps-converted-to.pd
f 150PD3.eps>
(epstopdf)             \includegraphics on input line 376.
Package epstopdf Info: Output file is already uptodate.
<150PD3-eps-converted-to.pdf, id=1259, 569.12625pt x 283.0575pt>
File: 150PD3-eps-converted-to.pdf Graphic file (type pdf)
<use 150PD3-eps-converted-to.pdf>
Package pdftex.def Info: 150PD3-eps-converted-to.pdf  used on input line 376.
(pdftex.def)             Requested size: 313.0204pt x 155.6821pt.
Package epstopdf Info: Source file: <165PD3.eps>
(epstopdf)                    date: 2020-10-28 11:01:25
(epstopdf)                    size: 199394 bytes
(epstopdf)             Output file: <165PD3-eps-converted-to.pdf>
(epstopdf)                    date: 2020-11-10 10:03:26
(epstopdf)                    size: 57973 bytes
(epstopdf)             Command: <repstopdf --outfile=165PD3-eps-converted-to.pd
f 165PD3.eps>
(epstopdf)             \includegraphics on input line 383.
Package epstopdf Info: Output file is already uptodate.
<165PD3-eps-converted-to.pdf, id=1260, 569.12625pt x 283.0575pt>
File: 165PD3-eps-converted-to.pdf Graphic file (type pdf)
<use 165PD3-eps-converted-to.pdf>
Package pdftex.def Info: 165PD3-eps-converted-to.pdf  used on input line 383.
(pdftex.def)             Requested size: 313.0204pt x 155.6821pt.
Package epstopdf Info: Source file: <180PD3.eps>
(epstopdf)                    date: 2020-10-28 11:02:29
(epstopdf)                    size: 195393 bytes
(epstopdf)             Output file: <180PD3-eps-converted-to.pdf>
(epstopdf)                    date: 2020-11-10 10:03:27
(epstopdf)                    size: 56133 bytes
(epstopdf)             Command: <repstopdf --outfile=180PD3-eps-converted-to.pd
f 180PD3.eps>
(epstopdf)             \includegraphics on input line 391.
Package epstopdf Info: Output file is already uptodate.
<180PD3-eps-converted-to.pdf, id=1261, 569.12625pt x 283.0575pt>
File: 180PD3-eps-converted-to.pdf Graphic file (type pdf)
<use 180PD3-eps-converted-to.pdf>
Package pdftex.def Info: 180PD3-eps-converted-to.pdf  used on input line 391.
(pdftex.def)             Requested size: 313.0204pt x 155.6821pt.
) [105 <./0PD3-eps-converted-to.pdf> <./15PD3-eps-converted-to.pdf>]
[106 <./30PD3-eps-converted-to.pdf> <./45PD3-eps-converted-to.pdf> <./60PD3-eps
-converted-to.pdf>] [107 <./75PD3-eps-converted-to.pdf> <./90PD3-eps-converted-
to.pdf> <./105PD3-eps-converted-to.pdf>] [108 <./120PD3-eps-converted-to.pdf> <
./135PD3-eps-converted-to.pdf> <./150PD3-eps-converted-to.pdf>] [109 <./165PD3-
eps-converted-to.pdf> <./180PD3-eps-converted-to.pdf>]
(./Quantum-Chromodynamics.tex
**************************
Chapter 5
[110



] [111]
Overfull \hbox (44.44965pt too wide) in paragraph at lines 61--63
\OT1/cmr/m/n/12 where the renor-mal-ized La-grangian $\OMS/cmsy/m/n/12 L[]$ \OT
1/cmr/m/n/12 is pre-cisely equal to $\OMS/cmsy/m/n/12 L$ \OT1/cmr/m/n/12 if the
 quan-ti-ties $\OMS/cmsy/m/n/12 f\OML/cmm/m/it/12 A[]; ^^_[];  ; g; \OMS/cmsy/
m/n/12 g$
 []

[112] [113] [114pdfTeX warning (ext4): destination with the same identifier (na
me{equation.5.1.19}) has been already used, duplicate ignored

\AtBegShi@Output ...ipout \box \AtBeginShipoutBox 
                                                  \fi \fi 
l.182 \end{equation}
                    ] [115pdfTeX warning (ext4): destination with the same iden
tifier (name{equation.5.1.23}) has been already used, duplicate ignored

\AtBegShi@Output ...ipout \box \AtBeginShipoutBox 
                                                  \fi \fi 
l.243 \end{eqnarray}
                    ] [116pdfTeX warning (ext4): destination with the same iden
tifier (name{equation.5.1.25}) has been already used, duplicate ignored

\AtBegShi@Output ...ipout \box \AtBeginShipoutBox 
                                                  \fi \fi 
l.397 \end{eqnarray}
                    ] [117pdfTeX warning (ext4): destination with the same iden
tifier (name{equation.5.1.27}) has been already used, duplicate ignored

\AtBegShi@Output ...ipout \box \AtBeginShipoutBox 
                                                  \fi \fi 
l.469 \end{eqnarray}
                    ] [118pdfTeX warning (ext4): destination with the same iden
tifier (name{equation.5.1.30}) has been already used, duplicate ignored

\AtBegShi@Output ...ipout \box \AtBeginShipoutBox 
                                                  \fi \fi 
l.542 \end{equation}
                    ] [119pdfTeX warning (ext4): destination with the same iden
tifier (name{equation.5.1.32}) has been already used, duplicate ignored

\AtBegShi@Output ...ipout \box \AtBeginShipoutBox 
                                                  \fi \fi 
l.658 \end{eqnarray}
                    ] [120pdfTeX warning (ext4): destination with the same iden
tifier (name{equation.5.1.34}) has been already used, duplicate ignored

\AtBegShi@Output ...ipout \box \AtBeginShipoutBox 
                                                  \fi \fi 
l.674 
      ] [121] [122] [123] [124] [125] [126] [127] [128] [129]) [130] [131]
(./Yennie-Frautschi-Suura-Resummation.tex
**************************
Chapter 6
[132



] [133] [134] [135] [136] [137]
Overfull \hbox (11.0419pt too wide) in paragraph at lines 240--241
[]\OT1/cmr/m/n/12 The energy-conserving $\OML/cmm/m/it/12 ^^N$ \OT1/cmr/m/n/12 
func-tion eq. (6.12) is con-ve-niently rep-re-sented by [[]81[], []82[]] 
 []

[138] [139] [140] [141] [142] [143] [144] [145]) [146] (./CEEX-and-KKMC-hh.tex
**************************
Chapter 7

Overfull \hbox (12.50381pt too wide) in paragraph at lines 2--3
[]\OT1/cmr/m/n/12 In last chap-ter, we have given a brief in-tro-duc-tion to Ye
nni-Frautschi-Suura(YFS)
 []

[147



]
Overfull \hbox (8.40384pt too wide) in paragraph at lines 12--13
[]\OT1/cmr/m/n/12 In this con-text, ex-clu-siv-ity means that the pro-ce-dure o
f ex-po-nen-ti-a-tion(summing
 []

[148]
Underfull \hbox (badness 10000) in paragraph at lines 44--48

 []

[149] [150] [151]
Overfull \hbox (19.48837pt too wide) in paragraph at lines 124--126
[]\OT1/cmr/m/n/12 Notice that we take an av-er-age over four $\OML/cmm/m/it/12 
^^R[]$ \OT1/cmr/m/n/12 in-stead of hav-ing a sin-gle $\OML/cmm/m/it/12 d^^[[]=d
\OT1/cmr/m/n/12 
(\OML/cmm/m/it/12 ^^R\OT1/cmr/m/n/12 )$.
 []

[152] [153] [154] [155] [156] [157] [158] [159] [160] [161] [162] [163]
[164]
LaTeX Font Info:    Trying to load font information for U+euf on input line 327
.
 (/usr/local/texlive/2020/texmf-dist/tex/latex/amsfonts/ueuf.fd
File: ueuf.fd 2013/01/14 v3.01 Euler Fraktur
) [165]
[166] [167] [168] [169] [170] [171] [172] [173] [174] [175] [176] [177]
[178]
Overfull \hbox (9.16682pt too wide) in alignment at lines 722--732
 [][][] []
 []

[179] [180] [181] [182] [183] [184] [185] [186] [187] [188] [189] [190]
[191] [192] [193]
Overfull \hbox (122.515pt too wide) in paragraph at lines 1093--1096
[][] 
 []


Underfull \hbox (badness 10000) in paragraph at lines 1093--1096

 []


Underfull \hbox (badness 10000) in paragraph at lines 1093--1096

 []

[194] [195]
Overfull \hbox (122.515pt too wide) in paragraph at lines 1185--1187
[][] 
 []


Underfull \hbox (badness 10000) in paragraph at lines 1185--1187

 []


Underfull \hbox (badness 10000) in paragraph at lines 1185--1187

 []


Underfull \hbox (badness 10000) in paragraph at lines 1185--1187

 []

[196] [197] [198] [199] [200] [201] [202] [203] [204] [205] [206] [207]
[208] [209] [210] [211] [212] [213] [214] [215] [216] [217] [218] [219]
[220] [221] [222] [223] [224] [225] [226] [227] [228] [229] [230] [231]
[232] [233] [234] [235] [236] [237] [238] [239] [240] [241] [242] [243])
[244] (./Interface-between-KKMC-hh-and-MG5-aMC@NLO.tex
**************************
Chapter 8
[245



] [246] [247]
Overfull \hbox (16.24489pt too wide) in paragraph at lines 14--16
[]\OT1/cmr/m/n/12 We will now in-tro-duce our ap-proach to in-ter-face KKMC-hh 
and MG5[]aMC@NLO.
 []

[248] [249] [250] [251] [252]
Overfull \hbox (2.86308pt too wide) in paragraph at lines 169--170
[]\OT1/cmr/m/n/12 We will now dis-cuss the re-sults of in-ter-fac-ing KKMC-hh w
ith MG5[]aMC@NLO.
 []

[253]
Package epstopdf Info: Source file: <PTL.eps>
(epstopdf)                    date: 2020-11-05 10:53:09
(epstopdf)                    size: 12042 bytes
(epstopdf)             Output file: <PTL-eps-converted-to.pdf>
(epstopdf)                    date: 2020-11-10 10:16:33
(epstopdf)                    size: 12769 bytes
(epstopdf)             Command: <repstopdf --outfile=PTL-eps-converted-to.pdf P
TL.eps>
(epstopdf)             \includegraphics on input line 201.
Package epstopdf Info: Output file is already uptodate.
<PTL-eps-converted-to.pdf, id=2586, 569.12625pt x 388.45125pt>
File: PTL-eps-converted-to.pdf Graphic file (type pdf)
<use PTL-eps-converted-to.pdf>
Package pdftex.def Info: PTL-eps-converted-to.pdf  used on input line 201.
(pdftex.def)             Requested size: 369.92767pt x 252.49031pt.

Underfull \hbox (badness 1466) in paragraph at lines 202--202
[]\OT1/cmr/m/n/12 Figure 8.1: |Muon trans-verse mo-men-tum dis-tri-bu-tions for
 KKMC-hh (blue),
 []

[254]
Package epstopdf Info: Source file: <ETA.eps>
(epstopdf)                    date: 2020-11-05 10:53:43
(epstopdf)                    size: 11520 bytes
(epstopdf)             Output file: <ETA-eps-converted-to.pdf>
(epstopdf)                    date: 2020-11-10 10:16:33
(epstopdf)                    size: 12429 bytes
(epstopdf)             Command: <repstopdf --outfile=ETA-eps-converted-to.pdf E
TA.eps>
(epstopdf)             \includegraphics on input line 218.
Package epstopdf Info: Output file is already uptodate.
<ETA-eps-converted-to.pdf, id=2593, 569.12625pt x 388.45125pt>
File: ETA-eps-converted-to.pdf Graphic file (type pdf)
<use ETA-eps-converted-to.pdf>
Package pdftex.def Info: ETA-eps-converted-to.pdf  used on input line 218.
(pdftex.def)             Requested size: 369.92767pt x 252.49031pt.

Underfull \hbox (badness 10000) in paragraph at lines 219--219
[]\OT1/cmr/m/n/12 Figure 8.2: |Muon pseu-do-ra-pid-ity dis-tri-bu-tions for KKM
C-hh (blue),
 []

[255 <./PTL-eps-converted-to.pdf>]
Package epstopdf Info: Source file: <PTLL.eps>
(epstopdf)                    date: 2020-11-05 10:54:15
(epstopdf)                    size: 11997 bytes
(epstopdf)             Output file: <PTLL-eps-converted-to.pdf>
(epstopdf)                    date: 2020-11-10 10:16:34
(epstopdf)                    size: 12680 bytes
(epstopdf)             Command: <repstopdf --outfile=PTLL-eps-converted-to.pdf 
PTLL.eps>
(epstopdf)             \includegraphics on input line 228.
Package epstopdf Info: Output file is already uptodate.
<PTLL-eps-converted-to.pdf, id=2612, 569.12625pt x 388.45125pt>
File: PTLL-eps-converted-to.pdf Graphic file (type pdf)
<use PTLL-eps-converted-to.pdf>
Package pdftex.def Info: PTLL-eps-converted-to.pdf  used on input line 228.
(pdftex.def)             Requested size: 369.92767pt x 252.49031pt.
 [256 <./ETA-eps-converted-to.pdf>]
Package epstopdf Info: Source file: <MLL.eps>
(epstopdf)                    date: 2020-11-05 11:02:14
(epstopdf)                    size: 11347 bytes
(epstopdf)             Output file: <MLL-eps-converted-to.pdf>
(epstopdf)                    date: 2020-11-10 10:16:34
(epstopdf)                    size: 12562 bytes
(epstopdf)             Command: <repstopdf --outfile=MLL-eps-converted-to.pdf M
LL.eps>
(epstopdf)             \includegraphics on input line 242.
Package epstopdf Info: Output file is already uptodate.
<MLL-eps-converted-to.pdf, id=2629, 569.12625pt x 388.45125pt>
File: MLL-eps-converted-to.pdf Graphic file (type pdf)
<use MLL-eps-converted-to.pdf>
Package pdftex.def Info: MLL-eps-converted-to.pdf  used on input line 242.
(pdftex.def)             Requested size: 369.92767pt x 252.49031pt.

Underfull \hbox (badness 6641) in paragraph at lines 243--243
[]\OT1/cmr/m/n/12 Figure 8.4: |Dimuon in-vari-ant mass dis-tri-bu-tions for KKM
C-hh (blue),
 []

Package epstopdf Info: Source file: <Y.eps>
(epstopdf)                    date: 2020-11-05 10:55:08
(epstopdf)                    size: 11821 bytes
(epstopdf)             Output file: <Y-eps-converted-to.pdf>
(epstopdf)                    date: 2020-11-10 10:16:35
(epstopdf)                    size: 12576 bytes
(epstopdf)             Command: <repstopdf --outfile=Y-eps-converted-to.pdf Y.e
ps>
(epstopdf)             \includegraphics on input line 251.
Package epstopdf Info: Output file is already uptodate.
<Y-eps-converted-to.pdf, id=2630, 569.12625pt x 388.45125pt>
File: Y-eps-converted-to.pdf Graphic file (type pdf)
<use Y-eps-converted-to.pdf>
Package pdftex.def Info: Y-eps-converted-to.pdf  used on input line 251.
(pdftex.def)             Requested size: 369.92767pt x 252.49031pt.
[257 <./PTLL-eps-converted-to.pdf>]) [258 <./MLL-eps-converted-to.pdf>]
[259 <./Y-eps-converted-to.pdf>] (./Overall-Summary.tex
**************************
Chapter 9

Overfull \hbox (19.69658pt too wide) in paragraph at lines 4--5
\OT1/cmr/m/n/12 der and the elec-troweak (EW) ex-act $\OML/cmm/m/it/12 O\OT1/cm
r/m/n/12 (\OML/cmm/m/it/12 [] \OMS/cmsy/m/n/12 
 \OML/cmm/m/it/12 []L\OT1/cmr/m/n/12 )$ cor-rec-tions, in-ter-fac-ing MG5[]aMC
@NLO
 []

[260



]) [261] [262



] (./appendixA.tex
**************************
\normalsize \normalfont APPENDIX A
[263


] [264] [265] [266] [267] [268] [269] [270]
Overfull \hbox (6.6849pt too wide) in alignment at lines 296--303
 [][][] []
 []


Overfull \hbox (12.18364pt too wide) in alignment at lines 319--354
 [][][] []
 []

[271]
Overfull \vbox (2.09677pt too high) has occurred while \output is active []


[272] [273]
Overfull \hbox (26.726pt too wide) in alignment at lines 400--418
 [][][] []
 []

[274] [275] [276]) [277] (./appendixB.tex
**************************
\normalsize \normalfont APPENDIX B
[278



] [279] [280] [281] [282]) [283] (./appendixC.tex
**************************
\normalsize \normalfont APPENDIX C

Package hyperref Warning: Token not allowed in a PDF string (PDFDocEncoding):
(hyperref)                removing `math shift' on input line 1.


Package hyperref Warning: Token not allowed in a PDF string (PDFDocEncoding):
(hyperref)                removing `math shift' on input line 1.

[284



] [285]) [286] (./appendixD.tex
**************************
\normalsize \normalfont APPENDIX D

Overfull \hbox (3.63861pt too wide) in paragraph at lines 12--13
[]\OT1/cmr/m/n/12 Next we will as-sume that po-lar-iza-tion vec-tors of beams a
nd of out-go-ing fermions
 []

[287



] [288]
Overfull \hbox (25.14813pt too wide) in alignment at lines 60--67
 [][][] []
 []

[289]) [290] (./appendixE.tex
**************************
\normalsize \normalfont APPENDIX E
[291



]
Underfull \hbox (badness 10000) in paragraph at lines 27--65

 []


Underfull \hbox (badness 10000) in paragraph at lines 27--65

 []


Underfull \hbox (badness 10000) in paragraph at lines 27--65

 []


Underfull \hbox (badness 10000) in paragraph at lines 27--65

 []

[292] [293] [294]
Underfull \hbox (badness 10000) in paragraph at lines 129--150

 []


Underfull \hbox (badness 10000) in paragraph at lines 129--150

 []

[295]
Underfull \hbox (badness 10000) in paragraph at lines 178--200

 []


Underfull \hbox (badness 10000) in paragraph at lines 178--200

 []


Underfull \hbox (badness 10000) in paragraph at lines 178--200

 []

[296] [297] [298] [299]
Underfull \hbox (badness 10000) in paragraph at lines 323--327

 []


Underfull \hbox (badness 10000) in paragraph at lines 323--327

 []


Underfull \hbox (badness 10000) in paragraph at lines 323--327

 []

[300] [301] [302]) [303] [304


] [305] [306] [307] [308]
Underfull \hbox (badness 1052) in paragraph at lines 283--284
[]\OT1/cmr/m/n/12 S.Jadach, W. Placzek, E. Richter-Was, B. F. L. Ward, and Z.
 []

[309] [310] [311] [312]
Package atveryend Info: Empty hook `BeforeClearDocument' on input line 350.
Package atveryend Info: Empty hook `AfterLastShipout' on input line 350.
 (./thesis.aux)
Package atveryend Info: Executing hook `AtVeryEndDocument' on input line 350.
Package atveryend Info: Empty hook `AtEndAfterFileList' on input line 350.


LaTeX Warning: There were multiply-defined labels.

Package atveryend Info: Empty hook `AtVeryVeryEnd' on input line 350.
 ) 
Here is how much of TeX's memory you used:
 29818 strings out of 480906
 572424 string characters out of 5908269
 925155 words of memory out of 5000000
 43306 multiletter control sequences out of 15000+600000
 546487 words of font info for 72 fonts, out of 8000000 for 9000
 1141 hyphenation exceptions out of 8191
 68i,16n,83p,1676b,951s stack positions out of 5000i,500n,10000p,200000b,80000s
{/usr/local/texlive/2020/texmf-dist/fonts/enc/dvips/cm-super/cm-super-ts1.enc
}</usr/local/texlive/2020/texmf-dist/fonts/type1/public/amsfonts/cm/cmbx12.pfb>
</usr/local/texlive/2020/texmf-dist/fonts/type1/public/amsfonts/cm/cmex10.pfb><
/usr/local/texlive/2020/texmf-dist/fonts/type1/public/amsfonts/cmextra/cmex8.pf
b></usr/local/texlive/2020/texmf-dist/fonts/type1/public/amsfonts/cm/cmmi12.pfb
></usr/local/texlive/2020/texmf-dist/fonts/type1/public/amsfonts/cm/cmmi6.pfb><
/usr/local/texlive/2020/texmf-dist/fonts/type1/public/amsfonts/cm/cmmi8.pfb></u
sr/local/texlive/2020/texmf-dist/fonts/type1/public/amsfonts/cm/cmr12.pfb></usr
/local/texlive/2020/texmf-dist/fonts/type1/public/amsfonts/cm/cmr6.pfb></usr/lo
cal/texlive/2020/texmf-dist/fonts/type1/public/amsfonts/cm/cmr8.pfb></usr/local
/texlive/2020/texmf-dist/fonts/type1/public/amsfonts/cm/cmsl12.pfb></usr/local/
texlive/2020/texmf-dist/fonts/type1/public/amsfonts/cm/cmsy10.pfb></usr/local/t
exlive/2020/texmf-dist/fonts/type1/public/amsfonts/cm/cmsy6.pfb></usr/local/tex
live/2020/texmf-dist/fonts/type1/public/amsfonts/cm/cmsy8.pfb></usr/local/texli
ve/2020/texmf-dist/fonts/type1/public/amsfonts/cm/cmti10.pfb></usr/local/texliv
e/2020/texmf-dist/fonts/type1/public/amsfonts/cm/cmti12.pfb></usr/local/texlive
/2020/texmf-dist/fonts/type1/public/amsfonts/euler/eufm10.pfb></usr/local/texli
ve/2020/texmf-dist/fonts/type1/public/cm-super/sfrm1200.pfb>
Output written on thesis.pdf (324 pages, 2332716 bytes).
PDF statistics:
 3664 PDF objects out of 4296 (max. 8388607)
 3209 compressed objects within 33 object streams
 1441 named destinations out of 1728 (max. 500000)
 833 words of extra memory for PDF output out of 10000 (max. 10000000)

